#
# A fatal error has been detected by the Java Runtime Environment:
#
#  SIGSEGV (0xb) at pc=0x0000000000000000, pid=27786, tid=27806
#
# JRE version: OpenJDK Runtime Environment (21.0.4) (build 21.0.4+-12422083-b607.1)
# Java VM: OpenJDK 64-Bit Server VM (21.0.4+-12422083-b607.1, mixed mode, tiered, compressed oops, compressed class ptrs, g1 gc, linux-amd64)
# Problematic frame:
# V  [libjvm.so+0x7db8d1]  PhiNode::Value(PhaseGVN*) const+0x171
#
# Core dump will be written. Default location: Core dumps may be processed with "/usr/share/apport/apport -p%p -s%s -c%c -d%d -P%P -u%u -g%g -- %E" (or dumping to /home/miroslav/Dokumenty/android/core.27786)
#
# If you would like to submit a bug report, please visit:
#   https://youtrack.jetbrains.com/issues/JBR
#

---------------  S U M M A R Y ------------

Command Line: -XX:MaxMetaspaceSize=512m -XX:+HeapDumpOnOutOfMemoryError --add-opens=java.base/java.util=ALL-UNNAMED --add-opens=java.base/java.lang=ALL-UNNAMED --add-opens=java.base/java.lang.invoke=ALL-UNNAMED --add-opens=java.prefs/java.util.prefs=ALL-UNNAMED --add-exports=jdk.compiler/com.sun.tools.javac.api=ALL-UNNAMED --add-exports=jdk.compiler/com.sun.tools.javac.util=ALL-UNNAMED --add-opens=java.base/java.nio.charset=ALL-UNNAMED --add-opens=java.base/java.net=ALL-UNNAMED --add-opens=java.base/java.util.concurrent.atomic=ALL-UNNAMED -Xmx2048m -Dfile.encoding=UTF-8 -Duser.country=CZ -Duser.language=cs -Duser.variant -javaagent:/home/miroslav/.gradle/wrapper/dists/gradle-8.10.2-all/7iv73wktx1xtkvlq19urqw1wm/gradle-8.10.2/lib/agents/gradle-instrumentation-agent-8.10.2.jar -Dawt.toolkit.name=XToolkit org.gradle.launcher.daemon.bootstrap.GradleDaemon 8.10.2

Host: AMD Ryzen 5 5600H with Radeon Graphics, 12 cores, 15G, Pop!_OS 22.04 LTS
Time: Sun Feb  9 17:49:53 2025 CET elapsed time: 1.441977 seconds (0d 0h 0m 1s)

---------------  T H R E A D  ---------------

Current thread (0x0000758524118b80):  JavaThread "C2 CompilerThread1" daemon [_thread_in_native, id=27806, stack(0x000075857c0d6000,0x000075857c1d6000) (1024K)]


Current CompileTask:
C2:   1442 2490       4       java.lang.invoke.MethodType::makeImpl (109 bytes)

Stack: [0x000075857c0d6000,0x000075857c1d6000],  sp=0x000075857c1d1ad0,  free space=1006k
Native frames: (J=compiled Java code, j=interpreted, Vv=VM code, C=native code)
V  [libjvm.so+0x7db8d1]  PhiNode::Value(PhaseGVN*) const+0x171
V  [libjvm.so+0xe953b9]  PhaseIterGVN::transform_old(Node*)+0x209
V  [libjvm.so+0xe94dec]  PhaseIterGVN::optimize()+0xac
V  [libjvm.so+0x86ac6e]  Compile::Optimize()+0x14e
V  [libjvm.so+0x869e37]  Compile::Compile(ciEnv*, ciMethod*, int, Options, DirectiveSet*)+0x11d7
V  [libjvm.so+0x7c2a2d]  C2Compiler::compile_method(ciEnv*, ciMethod*, int, bool, DirectiveSet*)+0x12d
V  [libjvm.so+0x87ba46]  CompileBroker::invoke_compiler_on_method(CompileTask*)+0x7f6
V  [libjvm.so+0x87b086]  CompileBroker::compiler_thread_loop()+0x4b6
V  [libjvm.so+0xaaffd2]  JavaThread::thread_main_inner()+0x92
V  [libjvm.so+0x100758b]  Thread::call_run()+0xab
V  [libjvm.so+0xe55a49]  thread_native_entry(Thread*)+0x119

siginfo: si_signo: 11 (SIGSEGV), si_code: 1 (SEGV_MAPERR), si_addr: 0x0000000000000000

Registers:
RAX=0x0000758524101b38, RBX=0x000075850c2b00a0, RCX=0x00007585240033e0, RDX=0x0000000000000001
RSP=0x000075857c1d1ac8, RBP=0x000075857c1d1b10, RSI=0x0000758524101b38, RDI=0x0000758524101b38
R8 =0x0000758598614d01, R9 =0x0000000000000001, R10=0x0000000000000000, R11=0x0000000000000000
R12=0x0000000000000001, R13=0x0000758598614d40, R14=0x000075850c2afb78, R15=0x000075857c1d1bb0
RIP=0x0000000000000000, EFLAGS=0x0000000000010246, CSGSFS=0x002b000000000033, ERR=0x0000000000000014
  TRAPNO=0x000000000000000e


Register to memory mapping:

RAX=0x0000758524101b38 points into unknown readable memory: 0x00007585240033e0 | e0 33 00 24 85 75 00 00
RBX=0x000075850c2b00a0 points into unknown readable memory: 0x00007585985643a0 | a0 43 56 98 85 75 00 00
RCX=0x00007585240033e0 points into unknown readable memory: 0x0000758598597100 | 00 71 59 98 85 75 00 00
RDX=0x0000000000000001 is an unknown value
RSP=0x000075857c1d1ac8 is pointing into the stack for thread: 0x0000758524118b80
RBP=0x000075857c1d1b10 is pointing into the stack for thread: 0x0000758524118b80
RSI=0x0000758524101b38 points into unknown readable memory: 0x00007585240033e0 | e0 33 00 24 85 75 00 00
RDI=0x0000758524101b38 points into unknown readable memory: 0x00007585240033e0 | e0 33 00 24 85 75 00 00
R8 =0x0000758598614d01: <offset 0x0000000001214d01> in /home/miroslav/Stažené/android-studio/jbr/lib/server/libjvm.so at 0x0000758597400000
R9 =0x0000000000000001 is an unknown value
R10=0x0 is null
R11=0x0 is null
R12=0x0000000000000001 is an unknown value
R13=0x0000758598614d40: <offset 0x0000000001214d40> in /home/miroslav/Stažené/android-studio/jbr/lib/server/libjvm.so at 0x0000758597400000
R14=0x000075850c2afb78 points into unknown readable memory: 0x0000758598567408 | 08 74 56 98 85 75 00 00
R15=0x000075857c1d1bb0 is pointing into the stack for thread: 0x0000758524118b80

Top of Stack: (sp=0x000075857c1d1ac8)
0x000075857c1d1ac8:   0000758597bdb8d1 000000010000053a
0x000075857c1d1ad8:   0000000000000000 000075850c2b00a0
0x000075857c1d1ae8:   000075850c2b00a0 000075852c43d530
0x000075857c1d1af8:   0000000000008000 000075857c1d1bb0
0x000075857c1d1b08:   0000000000003c2b 000075857c1d1b60
0x000075857c1d1b18:   00007585982953b9 000075857c1d1bb0
0x000075857c1d1b28:   00007585144e8e70 000075852c5aad10
0x000075857c1d1b38:   000075857c1d1bb0 000000000000053a
0x000075857c1d1b48:   000000000000053a 000075857c1d3bc8
0x000075857c1d1b58:   000075850c2b00a0 000075857c1d1ba0
0x000075857c1d1b68:   0000758598294dec 000075857c1d1bb0
0x000075857c1d1b78:   0000758514000d28 00007585976a02a2
0x000075857c1d1b88:   000075857c1d3bc8 00007585241192d0
0x000075857c1d1b98:   000075857c1d1bb0 000075857c1d3050
0x000075857c1d1ba8:   0000758597c6ac6e 0000758598593690
0x000075857c1d1bb8:   0000758500000005 000075857c1d3bc8
0x000075857c1d1bc8:   000075857c1d1d01 000075852c43d548
0x000075857c1d1bd8:   000075852c43d530 0000000000000000
0x000075857c1d1be8:   0000000000000000 0000000000000000
0x000075857c1d1bf8:   0000000000000000 0000000000000000
0x000075857c1d1c08:   0000000000000000 0000000000000000
0x000075857c1d1c18:   0000000000000000 000075852420abc8
0x000075857c1d1c28:   000075852420b3d0 0000000000000000
0x000075857c1d1c38:   0000000000000000 0000000000000000
0x000075857c1d1c48:   0000000000000000 0000000000000000
0x000075857c1d1c58:   0000000000000000 0000000000000000
0x000075857c1d1c68:   0000000000000000 0000000000000000
0x000075857c1d1c78:   0000000000000000 0000000000000000
0x000075857c1d1c88:   0000000000000000 0000000000000000
0x000075857c1d1c98:   0000000000000000 0000000000000000
0x000075857c1d1ca8:   0000000000000000 0000000000000000
0x000075857c1d1cb8:   0000000000000000 0000000000000000 

Instructions: (pc=0x0000758597bdb8d1)
0x0000758597bdb7d1:   8b 20 41 8b 44 24 2c 83 e0 3f 83 f8 35 75 7b 49
0x0000758597bdb7e1:   8b 04 24 4c 89 e7 ff 90 c8 00 00 00 41 89 c5 49
0x0000758597bdb7f1:   8b 06 4c 89 f7 ff 90 e0 00 00 00 31 c9 4d 85 e4
0x0000758597bdb801:   0f 84 40 01 00 00 41 39 c5 4c 8d 05 5f 95 a3 00
0x0000758597bdb811:   75 4a 49 8b 44 24 08 48 8b 40 08 83 78 18 02 72
0x0000758597bdb821:   39 48 8b 40 08 48 8b 40 08 48 85 c0 74 2c 83 78
0x0000758597bdb831:   18 03 75 26 48 8b 40 08 48 8b 40 08 48 85 c0 74
0x0000758597bdb841:   19 83 78 18 03 75 13 48 8b 40 08 48 8b 48 08 8b
0x0000758597bdb851:   41 2c 83 e0 0f 83 f8 0c 74 02 31 c9 48 39 d9 0f
0x0000758597bdb861:   84 f1 00 00 00 49 8b 38 8b 43 18 83 f8 02 72 68
0x0000758597bdb871:   41 bc 01 00 00 00 4c 8d 2d c2 94 a3 00 eb 0a 49
0x0000758597bdb881:   ff c4 89 c1 49 39 cc 73 4f 49 8b 4e 08 4a 8b 0c
0x0000758597bdb891:   e1 48 85 c9 74 e9 49 8b 57 28 8b 71 28 48 8b 4a
0x0000758597bdb8a1:   10 48 8b 14 f1 49 3b 55 00 75 d4 48 8b 43 08 4a
0x0000758597bdb8b1:   8b 04 e0 8b 40 28 48 8b 34 c1 ba 01 00 00 00 e8
0x0000758597bdb8c1:   ab 06 84 00 48 8b 08 48 89 c7 ff 91 88 00 00 00
0x0000758597bdb8d1:   48 89 c7 8b 43 18 eb a7 48 8b 73 38 48 8b 07 ba
0x0000758597bdb8e1:   01 00 00 00 ff 50 08 48 8b 08 48 89 c7 ff 91 88
0x0000758597bdb8f1:   00 00 00 49 8b 0f 48 8b 49 18 4c 89 ff 48 89 de
0x0000758597bdb901:   48 89 c2 48 83 c4 18 5b 41 5c 41 5d 41 5e 41 5f
0x0000758597bdb911:   5d ff e1 48 8b 40 08 48 85 c0 74 11 49 8b 4f 28
0x0000758597bdb921:   8b 40 28 48 8b 49 10 48 8b 04 c1 eb 0a 48 8d 05
0x0000758597bdb931:   3b 94 a3 00 48 8b 00 48 83 c4 18 5b 41 5c 41 5d
0x0000758597bdb941:   41 5e 41 5f 5d c3 4c 8d 05 22 94 a3 00 48 39 d9
0x0000758597bdb951:   0f 85 0f ff ff ff 41 83 7e 18 03 49 8b 46 08 0f
0x0000758597bdb961:   85 29 01 00 00 48 83 38 00 0f 84 1f 01 00 00 48
0x0000758597bdb971:   8b 48 08 48 85 c9 0f 84 12 01 00 00 49 8b 57 28
0x0000758597bdb981:   8b 71 28 48 8b 4a 10 49 8b 10 48 39 14 f1 0f 84
0x0000758597bdb991:   fa 00 00 00 48 8b 70 10 48 85 f6 0f 84 ed 00 00
0x0000758597bdb9a1:   00 8b 7e 28 48 39 14 f9 0f 84 e0 00 00 00 48 8b
0x0000758597bdb9b1:   46 08 4c 8b 20 41 8b 44 24 2c 83 e0 3f 83 f8 35
0x0000758597bdb9c1:   0f 85 2e 01 00 00 49 8b 04 24 4c 89 e7 ff 90 c8 


Stack slot to memory mapping:

stack at sp + 0 slots: 0x000000010000053a is pointing into metadata
stack at sp + 1 slots: 0x0 is null
stack at sp + 2 slots: 0x000075850c2b00a0 points into unknown readable memory: 0x00007585985643a0 | a0 43 56 98 85 75 00 00
stack at sp + 3 slots: 0x000075850c2b00a0 points into unknown readable memory: 0x00007585985643a0 | a0 43 56 98 85 75 00 00
stack at sp + 4 slots: 0x000075852c43d530 points into unknown readable memory: 0x000075857c1d3cf8 | f8 3c 1d 7c 85 75 00 00
stack at sp + 5 slots: 0x0000000000008000 is an unknown value
stack at sp + 6 slots: 0x000075857c1d1bb0 is pointing into the stack for thread: 0x0000758524118b80
stack at sp + 7 slots: 0x0000000000003c2b is an unknown value


---------------  P R O C E S S  ---------------

Threads class SMR info:
_java_thread_list=0x00007584cc22f010, length=25, elements={
0x000075859002deb0, 0x0000758590285700, 0x00007585902868a0, 0x00007585902881a0,
0x00007585902897e0, 0x000075859029afd0, 0x000075859029c8a0, 0x000075859029df10,
0x0000758590302880, 0x00007585903c04e0, 0x0000758524118b80, 0x0000758524132ee0,
0x00007585915b5490, 0x00007585915f14f0, 0x0000758591668220, 0x00007584e8015d70,
0x00007584dc001530, 0x00007584dc007a90, 0x00007584dc0093e0, 0x00007584cc008f60,
0x00007584cc00c480, 0x00007584cc00e8d0, 0x00007584cc207e60, 0x00007584cc212670,
0x00007584cc222a90
}

Java Threads: ( => current thread )
  0x000075859002deb0 JavaThread "main"                              [_thread_blocked, id=27789, stack(0x0000758598700000,0x0000758598800000) (1024K)]
  0x0000758590285700 JavaThread "Reference Handler"          daemon [_thread_blocked, id=27797, stack(0x000075857c9d6000,0x000075857cad6000) (1024K)]
  0x00007585902868a0 JavaThread "Finalizer"                  daemon [_thread_blocked, id=27798, stack(0x000075857c8d6000,0x000075857c9d6000) (1024K)]
  0x00007585902881a0 JavaThread "Signal Dispatcher"          daemon [_thread_blocked, id=27799, stack(0x000075857c7d6000,0x000075857c8d6000) (1024K)]
  0x00007585902897e0 JavaThread "Service Thread"             daemon [_thread_blocked, id=27800, stack(0x000075857c6d6000,0x000075857c7d6000) (1024K)]
  0x000075859029afd0 JavaThread "Monitor Deflation Thread"   daemon [_thread_blocked, id=27801, stack(0x000075857c5d6000,0x000075857c6d6000) (1024K)]
  0x000075859029c8a0 JavaThread "C2 CompilerThread0"         daemon [_thread_in_native, id=27802, stack(0x000075857c4d6000,0x000075857c5d6000) (1024K)]
  0x000075859029df10 JavaThread "C1 CompilerThread0"         daemon [_thread_blocked, id=27803, stack(0x000075857c3d6000,0x000075857c4d6000) (1024K)]
  0x0000758590302880 JavaThread "Common-Cleaner"             daemon [_thread_blocked, id=27804, stack(0x000075857c2d6000,0x000075857c3d6000) (1024K)]
  0x00007585903c04e0 JavaThread "Notification Thread"        daemon [_thread_blocked, id=27805, stack(0x000075857c1d6000,0x000075857c2d6000) (1024K)]
=>0x0000758524118b80 JavaThread "C2 CompilerThread1"         daemon [_thread_in_native, id=27806, stack(0x000075857c0d6000,0x000075857c1d6000) (1024K)]
  0x0000758524132ee0 JavaThread "C2 CompilerThread2"         daemon [_thread_in_native, id=27809, stack(0x0000758574d00000,0x0000758574e00000) (1024K)]
  0x00007585915b5490 JavaThread "Daemon health stats"               [_thread_blocked, id=27841, stack(0x00007585747fc000,0x00007585748fc000) (1024K)]
  0x00007585915f14f0 JavaThread "Incoming local TCP Connector on port 44105"        [_thread_in_native, id=27842, stack(0x00007585746fc000,0x00007585747fc000) (1024K)]
  0x0000758591668220 JavaThread "Daemon periodic checks"            [_thread_blocked, id=27843, stack(0x0000758574300000,0x0000758574400000) (1024K)]
  0x00007584e8015d70 JavaThread "Daemon"                            [_thread_blocked, id=27844, stack(0x0000758574200000,0x0000758574300000) (1024K)]
  0x00007584dc001530 JavaThread "Handler for socket connection from /127.0.0.1:44105 to /127.0.0.1:51486"        [_thread_in_native, id=27845, stack(0x0000758574100000,0x0000758574200000) (1024K)]
  0x00007584dc007a90 JavaThread "Cancel handler"                    [_thread_blocked, id=27846, stack(0x0000758574000000,0x0000758574100000) (1024K)]
  0x00007584dc0093e0 JavaThread "Daemon worker"                     [_thread_in_Java, id=27847, stack(0x000075856bf00000,0x000075856c000000) (1024K)]
  0x00007584cc008f60 JavaThread "Asynchronous log dispatcher for DefaultDaemonConnection: socket connection from /127.0.0.1:44105 to /127.0.0.1:51486"        [_thread_blocked, id=27848, stack(0x000075856be00000,0x000075856bf00000) (1024K)]
  0x00007584cc00c480 JavaThread "Stdin handler"                     [_thread_blocked, id=27849, stack(0x000075856bd00000,0x000075856be00000) (1024K)]
  0x00007584cc00e8d0 JavaThread "Daemon client event forwarder"        [_thread_blocked, id=27850, stack(0x000075856b900000,0x000075856ba00000) (1024K)]
  0x00007584cc207e60 JavaThread "Cache worker for journal cache (/home/miroslav/.gradle/caches/journal-1)"        [_thread_blocked, id=27858, stack(0x000075856adf9000,0x000075856aef9000) (1024K)]
  0x00007584cc212670 JavaThread "File lock request listener"        [_thread_in_native, id=27859, stack(0x000075856acf9000,0x000075856adf9000) (1024K)]
  0x00007584cc222a90 JavaThread "Cache worker for file hash cache (/home/miroslav/.gradle/caches/8.10.2/fileHashes)"        [_thread_blocked, id=27861, stack(0x000075856abf9000,0x000075856acf9000) (1024K)]
Total: 25

Other Threads:
  0x00007585901bca20 VMThread "VM Thread"                           [id=27796, stack(0x000075857cad7000,0x000075857cbd7000) (1024K)]
  0x00007585901b13c0 WatcherThread "VM Periodic Task Thread"        [id=27795, stack(0x000075857cbd8000,0x000075857ccd8000) (1024K)]
  0x0000758590087c80 WorkerThread "GC Thread#0"                     [id=27790, stack(0x00007585804f6000,0x00007585805f6000) (1024K)]
  0x0000758550008590 WorkerThread "GC Thread#1"                     [id=27816, stack(0x0000758574c00000,0x0000758574d00000) (1024K)]
  0x0000758550009070 WorkerThread "GC Thread#2"                     [id=27817, stack(0x0000758574aff000,0x0000758574bff000) (1024K)]
  0x0000758550009b50 WorkerThread "GC Thread#3"                     [id=27818, stack(0x00007585749fe000,0x0000758574afe000) (1024K)]
  0x000075855000a630 WorkerThread "GC Thread#4"                     [id=27819, stack(0x00007585748fd000,0x00007585749fd000) (1024K)]
  0x000075855000cb20 WorkerThread "GC Thread#5"                     [id=27851, stack(0x000075856b500000,0x000075856b600000) (1024K)]
  0x000075855000d470 WorkerThread "GC Thread#6"                     [id=27852, stack(0x000075856b3ff000,0x000075856b4ff000) (1024K)]
  0x000075855000df60 WorkerThread "GC Thread#7"                     [id=27853, stack(0x000075856b2fe000,0x000075856b3fe000) (1024K)]
  0x00007585500114a0 WorkerThread "GC Thread#8"                     [id=27854, stack(0x000075856b1fd000,0x000075856b2fd000) (1024K)]
  0x0000758550011f90 WorkerThread "GC Thread#9"                     [id=27855, stack(0x000075856b0fc000,0x000075856b1fc000) (1024K)]
  0x00007585900992a0 ConcurrentGCThread "G1 Main Marker"            [id=27791, stack(0x000075857db00000,0x000075857dc00000) (1024K)]
  0x000075859009a240 WorkerThread "G1 Conc#0"                       [id=27792, stack(0x000075857d9ff000,0x000075857daff000) (1024K)]
  0x0000758570000d60 WorkerThread "G1 Conc#1"                       [id=27856, stack(0x000075856affb000,0x000075856b0fb000) (1024K)]
  0x0000758570001890 WorkerThread "G1 Conc#2"                       [id=27857, stack(0x000075856aefa000,0x000075856affa000) (1024K)]
  0x00007585901a05d0 ConcurrentGCThread "G1 Refine#0"               [id=27793, stack(0x000075857cef4000,0x000075857cff4000) (1024K)]
  0x00007585901a1580 ConcurrentGCThread "G1 Service"                [id=27794, stack(0x000075857cdf3000,0x000075857cef3000) (1024K)]
Total: 18

Threads with active compile tasks:
C2 CompilerThread0     1450 2476   !   4       java.lang.ClassLoader::loadClass (121 bytes)
C2 CompilerThread1     1450 2490       4       java.lang.invoke.MethodType::makeImpl (109 bytes)
C2 CompilerThread2     1450 2511       4       jdk.internal.org.objectweb.asm.Frame::getAbstractTypeFromDescriptor (415 bytes)
Total: 3

VM state: not at safepoint (normal execution)

VM Mutex/Monitor currently owned by a thread: None

Heap address: 0x0000000080000000, size: 2048 MB, Compressed Oops mode: 32-bit

CDS archive(s) not mapped
Compressed class space mapped at: 0x0000000100000000-0x000000011a000000, reserved size: 436207616
Narrow klass base: 0x0000000000000000, Narrow klass shift: 3, Narrow klass range: 0x11a000000

GC Precious Log:
 CardTable entry size: 512
 Card Set container configuration: InlinePtr #cards 5 size 8 Array Of Cards #cards 12 size 40 Howl #buckets 4 coarsen threshold 1843 Howl Bitmap #cards 512 size 80 coarsen threshold 460 Card regions per heap region 1 cards per card region 2048
 CPUs: 12 total, 12 available
 Memory: 15388M
 Large Page Support: Disabled
 NUMA Support: Disabled
 Compressed Oops: Enabled (32-bit)
 Heap Region Size: 1M
 Heap Min Capacity: 8M
 Heap Initial Capacity: 242M
 Heap Max Capacity: 2G
 Pre-touch: Disabled
 Parallel Workers: 10
 Concurrent Workers: 3
 Concurrent Refinement Workers: 10
 Periodic GC: Disabled

Heap:
 garbage-first heap   total 68608K, used 43881K [0x0000000080000000, 0x0000000100000000)
  region size 1024K, 34 young (34816K), 9 survivors (9216K)
 Metaspace       used 25919K, committed 26368K, reserved 491520K
  class space    used 3160K, committed 3392K, reserved 425984K

Heap Regions: E=young(eden), S=young(survivor), O=old, HS=humongous(starts), HC=humongous(continues), CS=collection set, F=free, TAMS=top-at-mark-start, PB=parsable bottom
|   0|0x0000000080000000, 0x0000000080100000, 0x0000000080100000|100%|HS|  |TAMS 0x0000000080000000| PB 0x0000000080000000| Complete 
|   1|0x0000000080100000, 0x0000000080200000, 0x0000000080200000|100%|HC|  |TAMS 0x0000000080100000| PB 0x0000000080100000| Complete 
|   2|0x0000000080200000, 0x0000000080300000, 0x0000000080300000|100%|HC|  |TAMS 0x0000000080200000| PB 0x0000000080200000| Complete 
|   3|0x0000000080300000, 0x0000000080400000, 0x0000000080400000|100%|HC|  |TAMS 0x0000000080300000| PB 0x0000000080300000| Complete 
|   4|0x0000000080400000, 0x0000000080500000, 0x0000000080500000|100%| O|  |TAMS 0x0000000080400000| PB 0x0000000080400000| Untracked 
|   5|0x0000000080500000, 0x0000000080600000, 0x0000000080600000|100%| O|  |TAMS 0x0000000080500000| PB 0x0000000080500000| Untracked 
|   6|0x0000000080600000, 0x0000000080700000, 0x0000000080700000|100%| O|  |TAMS 0x0000000080600000| PB 0x0000000080600000| Untracked 
|   7|0x0000000080700000, 0x0000000080800000, 0x0000000080800000|100%| O|  |TAMS 0x0000000080700000| PB 0x0000000080700000| Untracked 
|   8|0x0000000080800000, 0x0000000080900000, 0x0000000080900000|100%| O|  |TAMS 0x0000000080800000| PB 0x0000000080800000| Untracked 
|   9|0x0000000080900000, 0x00000000809ddec0, 0x0000000080a00000| 86%| O|Cm|TAMS 0x0000000080900000| PB 0x0000000080900000| Complete 
|  10|0x0000000080a00000, 0x0000000080b00000, 0x0000000080b00000|100%|HS|  |TAMS 0x0000000080a00000| PB 0x0000000080a00000| Complete 
|  11|0x0000000080b00000, 0x0000000080b00000, 0x0000000080c00000|  0%| F|  |TAMS 0x0000000080b00000| PB 0x0000000080b00000| Untracked 
|  12|0x0000000080c00000, 0x0000000080c00000, 0x0000000080d00000|  0%| F|  |TAMS 0x0000000080c00000| PB 0x0000000080c00000| Untracked 
|  13|0x0000000080d00000, 0x0000000080d00000, 0x0000000080e00000|  0%| F|  |TAMS 0x0000000080d00000| PB 0x0000000080d00000| Untracked 
|  14|0x0000000080e00000, 0x0000000080e00000, 0x0000000080f00000|  0%| F|  |TAMS 0x0000000080e00000| PB 0x0000000080e00000| Untracked 
|  15|0x0000000080f00000, 0x0000000080f00000, 0x0000000081000000|  0%| F|  |TAMS 0x0000000080f00000| PB 0x0000000080f00000| Untracked 
|  16|0x0000000081000000, 0x0000000081000000, 0x0000000081100000|  0%| F|  |TAMS 0x0000000081000000| PB 0x0000000081000000| Untracked 
|  17|0x0000000081100000, 0x0000000081100000, 0x0000000081200000|  0%| F|  |TAMS 0x0000000081100000| PB 0x0000000081100000| Untracked 
|  18|0x0000000081200000, 0x0000000081200000, 0x0000000081300000|  0%| F|  |TAMS 0x0000000081200000| PB 0x0000000081200000| Untracked 
|  19|0x0000000081300000, 0x0000000081300000, 0x0000000081400000|  0%| F|  |TAMS 0x0000000081300000| PB 0x0000000081300000| Untracked 
|  20|0x0000000081400000, 0x0000000081400000, 0x0000000081500000|  0%| F|  |TAMS 0x0000000081400000| PB 0x0000000081400000| Untracked 
|  21|0x0000000081500000, 0x0000000081500000, 0x0000000081600000|  0%| F|  |TAMS 0x0000000081500000| PB 0x0000000081500000| Untracked 
|  22|0x0000000081600000, 0x0000000081600000, 0x0000000081700000|  0%| F|  |TAMS 0x0000000081600000| PB 0x0000000081600000| Untracked 
|  23|0x0000000081700000, 0x0000000081700000, 0x0000000081800000|  0%| F|  |TAMS 0x0000000081700000| PB 0x0000000081700000| Untracked 
|  24|0x0000000081800000, 0x0000000081800000, 0x0000000081900000|  0%| F|  |TAMS 0x0000000081800000| PB 0x0000000081800000| Untracked 
|  25|0x0000000081900000, 0x0000000081900000, 0x0000000081a00000|  0%| F|  |TAMS 0x0000000081900000| PB 0x0000000081900000| Untracked 
|  26|0x0000000081a00000, 0x0000000081a00000, 0x0000000081b00000|  0%| F|  |TAMS 0x0000000081a00000| PB 0x0000000081a00000| Untracked 
|  27|0x0000000081b00000, 0x0000000081b00000, 0x0000000081c00000|  0%| F|  |TAMS 0x0000000081b00000| PB 0x0000000081b00000| Untracked 
|  28|0x0000000081c00000, 0x0000000081c00000, 0x0000000081d00000|  0%| F|  |TAMS 0x0000000081c00000| PB 0x0000000081c00000| Untracked 
|  29|0x0000000081d00000, 0x0000000081d00000, 0x0000000081e00000|  0%| F|  |TAMS 0x0000000081d00000| PB 0x0000000081d00000| Untracked 
|  30|0x0000000081e00000, 0x0000000081e00000, 0x0000000081f00000|  0%| F|  |TAMS 0x0000000081e00000| PB 0x0000000081e00000| Untracked 
|  31|0x0000000081f00000, 0x0000000081f00000, 0x0000000082000000|  0%| F|  |TAMS 0x0000000081f00000| PB 0x0000000081f00000| Untracked 
|  32|0x0000000082000000, 0x0000000082000000, 0x0000000082100000|  0%| F|  |TAMS 0x0000000082000000| PB 0x0000000082000000| Untracked 
|  33|0x0000000082100000, 0x00000000821f4628, 0x0000000082200000| 95%| E|  |TAMS 0x0000000082100000| PB 0x0000000082100000| Complete 
|  34|0x0000000082200000, 0x0000000082300000, 0x0000000082300000|100%| E|CS|TAMS 0x0000000082200000| PB 0x0000000082200000| Complete 
|  35|0x0000000082300000, 0x0000000082400000, 0x0000000082400000|100%| E|CS|TAMS 0x0000000082300000| PB 0x0000000082300000| Complete 
|  36|0x0000000082400000, 0x0000000082500000, 0x0000000082500000|100%| E|CS|TAMS 0x0000000082400000| PB 0x0000000082400000| Complete 
|  37|0x0000000082500000, 0x0000000082600000, 0x0000000082600000|100%| E|CS|TAMS 0x0000000082500000| PB 0x0000000082500000| Complete 
|  38|0x0000000082600000, 0x0000000082700000, 0x0000000082700000|100%| E|CS|TAMS 0x0000000082600000| PB 0x0000000082600000| Complete 
|  39|0x0000000082700000, 0x0000000082800000, 0x0000000082800000|100%| E|CS|TAMS 0x0000000082700000| PB 0x0000000082700000| Complete 
|  40|0x0000000082800000, 0x0000000082900000, 0x0000000082900000|100%| E|CS|TAMS 0x0000000082800000| PB 0x0000000082800000| Complete 
|  41|0x0000000082900000, 0x0000000082a00000, 0x0000000082a00000|100%| E|CS|TAMS 0x0000000082900000| PB 0x0000000082900000| Complete 
|  42|0x0000000082a00000, 0x0000000082b00000, 0x0000000082b00000|100%| E|CS|TAMS 0x0000000082a00000| PB 0x0000000082a00000| Complete 
|  43|0x0000000082b00000, 0x0000000082c00000, 0x0000000082c00000|100%| E|CS|TAMS 0x0000000082b00000| PB 0x0000000082b00000| Complete 
|  44|0x0000000082c00000, 0x0000000082d00000, 0x0000000082d00000|100%| E|CS|TAMS 0x0000000082c00000| PB 0x0000000082c00000| Complete 
|  45|0x0000000082d00000, 0x0000000082e00000, 0x0000000082e00000|100%| E|CS|TAMS 0x0000000082d00000| PB 0x0000000082d00000| Complete 
|  46|0x0000000082e00000, 0x0000000082f00000, 0x0000000082f00000|100%| E|CS|TAMS 0x0000000082e00000| PB 0x0000000082e00000| Complete 
|  47|0x0000000082f00000, 0x0000000083000000, 0x0000000083000000|100%| E|CS|TAMS 0x0000000082f00000| PB 0x0000000082f00000| Complete 
|  48|0x0000000083000000, 0x0000000083100000, 0x0000000083100000|100%| E|CS|TAMS 0x0000000083000000| PB 0x0000000083000000| Complete 
|  49|0x0000000083100000, 0x0000000083200000, 0x0000000083200000|100%| E|CS|TAMS 0x0000000083100000| PB 0x0000000083100000| Complete 
|  50|0x0000000083200000, 0x0000000083300000, 0x0000000083300000|100%| E|CS|TAMS 0x0000000083200000| PB 0x0000000083200000| Complete 
|  51|0x0000000083300000, 0x0000000083400000, 0x0000000083400000|100%| E|CS|TAMS 0x0000000083300000| PB 0x0000000083300000| Complete 
|  52|0x0000000083400000, 0x0000000083500000, 0x0000000083500000|100%| E|CS|TAMS 0x0000000083400000| PB 0x0000000083400000| Complete 
|  53|0x0000000083500000, 0x0000000083600000, 0x0000000083600000|100%| E|CS|TAMS 0x0000000083500000| PB 0x0000000083500000| Complete 
|  54|0x0000000083600000, 0x0000000083700000, 0x0000000083700000|100%| E|CS|TAMS 0x0000000083600000| PB 0x0000000083600000| Complete 
|  55|0x0000000083700000, 0x0000000083800000, 0x0000000083800000|100%| E|  |TAMS 0x0000000083700000| PB 0x0000000083700000| Complete 
|  56|0x0000000083800000, 0x0000000083900000, 0x0000000083900000|100%| E|CS|TAMS 0x0000000083800000| PB 0x0000000083800000| Complete 
| 187|0x000000008bb00000, 0x000000008bbfc788, 0x000000008bc00000| 98%| S|CS|TAMS 0x000000008bb00000| PB 0x000000008bb00000| Complete 
| 188|0x000000008bc00000, 0x000000008bd00000, 0x000000008bd00000|100%| S|CS|TAMS 0x000000008bc00000| PB 0x000000008bc00000| Complete 
| 189|0x000000008bd00000, 0x000000008be00000, 0x000000008be00000|100%| S|CS|TAMS 0x000000008bd00000| PB 0x000000008bd00000| Complete 
| 190|0x000000008be00000, 0x000000008bf00000, 0x000000008bf00000|100%| S|CS|TAMS 0x000000008be00000| PB 0x000000008be00000| Complete 
| 191|0x000000008bf00000, 0x000000008c000000, 0x000000008c000000|100%| S|CS|TAMS 0x000000008bf00000| PB 0x000000008bf00000| Complete 
| 192|0x000000008c000000, 0x000000008c100000, 0x000000008c100000|100%| S|CS|TAMS 0x000000008c000000| PB 0x000000008c000000| Complete 
| 193|0x000000008c100000, 0x000000008c200000, 0x000000008c200000|100%| S|CS|TAMS 0x000000008c100000| PB 0x000000008c100000| Complete 
| 194|0x000000008c200000, 0x000000008c300000, 0x000000008c300000|100%| S|CS|TAMS 0x000000008c200000| PB 0x000000008c200000| Complete 
| 195|0x000000008c300000, 0x000000008c400000, 0x000000008c400000|100%| S|CS|TAMS 0x000000008c300000| PB 0x000000008c300000| Complete 
| 241|0x000000008f100000, 0x000000008f200000, 0x000000008f200000|100%| E|CS|TAMS 0x000000008f100000| PB 0x000000008f100000| Complete 

Card table byte_map: [0x000075857fc00000,0x0000758580000000] _byte_map_base: 0x000075857f800000

Marking Bits: (CMBitMap*) 0x00007585900887a0
 Bits: [0x000075857dc00000, 0x000075857fc00000)

Polling page: 0x0000758598b41000

Metaspace:

Usage:
  Non-class:     22,25 MB used.
      Class:      3,09 MB used.
       Both:     25,34 MB used.

Virtual space:
  Non-class space:       64,00 MB reserved,      22,50 MB ( 35%) committed,  1 nodes.
      Class space:      416,00 MB reserved,       3,31 MB ( <1%) committed,  1 nodes.
             Both:      480,00 MB reserved,      25,81 MB (  5%) committed. 

Chunk freelists:
   Non-Class:  9,03 MB
       Class:  12,73 MB
        Both:  21,76 MB

MaxMetaspaceSize: 512,00 MB
CompressedClassSpaceSize: 416,00 MB
Initial GC threshold: 21,00 MB
Current GC threshold: 35,12 MB
CDS: off
 - commit_granule_bytes: 65536.
 - commit_granule_words: 8192.
 - virtual_space_node_default_size: 8388608.
 - enlarge_chunks_in_place: 1.
 - use_allocation_guard: 0.


Internal statistics:

num_allocs_failed_limit: 3.
num_arena_births: 580.
num_arena_deaths: 0.
num_vsnodes_births: 2.
num_vsnodes_deaths: 0.
num_space_committed: 413.
num_space_uncommitted: 0.
num_chunks_returned_to_freelist: 3.
num_chunks_taken_from_freelist: 1169.
num_chunk_merges: 3.
num_chunk_splits: 749.
num_chunks_enlarged: 514.
num_inconsistent_stats: 0.

CodeHeap 'non-profiled nmethods': size=120028Kb used=1134Kb max_used=1134Kb free=118893Kb
 bounds [0x0000758588ac9000, 0x0000758588d39000, 0x0000758590000000]
CodeHeap 'profiled nmethods': size=120028Kb used=4838Kb max_used=4838Kb free=115189Kb
 bounds [0x0000758581000000, 0x00007585814c0000, 0x0000758588537000]
CodeHeap 'non-nmethods': size=5704Kb used=1429Kb max_used=1473Kb free=4274Kb
 bounds [0x0000758588537000, 0x00007585887a7000, 0x0000758588ac9000]
 total_blobs=3068 nmethods=2514 adapters=459
 compilation: enabled
              stopped_count=0, restarted_count=0
 full_count=0

Compilation events (20 events):
Event: 1,415 Thread 0x000075859029df10 nmethod 2501 0x00007585814b1a90 code [0x00007585814b1c60, 0x00007585814b20c8]
Event: 1,415 Thread 0x000075859029df10 2502       3       java.lang.invoke.InvokerBytecodeGenerator$ClassData::<init> (20 bytes)
Event: 1,415 Thread 0x000075859029df10 nmethod 2502 0x00007585814b2290 code [0x00007585814b2420, 0x00007585814b2698]
Event: 1,416 Thread 0x0000758524132ee0 nmethod 2496 0x0000758588bdff90 code [0x0000758588be0140, 0x0000758588be0668]
Event: 1,416 Thread 0x0000758524132ee0 2498       4       java.lang.String::endsWith (15 bytes)
Event: 1,417 Thread 0x000075859029df10 2503       3       java.lang.invoke.MethodType::genericMethodType (6 bytes)
Event: 1,417 Thread 0x000075859029df10 nmethod 2503 0x00007585814b2790 code [0x00007585814b2920, 0x00007585814b2a40]
Event: 1,418 Thread 0x000075859029df10 2504       3       java.lang.invoke.BoundMethodHandle::speciesDataFor (32 bytes)
Event: 1,418 Thread 0x000075859029df10 nmethod 2504 0x00007585814b2b10 code [0x00007585814b2cc0, 0x00007585814b3020]
Event: 1,419 Thread 0x000075859029df10 2505       3       java.lang.invoke.LambdaFormEditor::oldSpeciesData (8 bytes)
Event: 1,419 Thread 0x000075859029df10 nmethod 2505 0x00007585814b3190 code [0x00007585814b3340, 0x00007585814b3720]
Event: 1,419 Thread 0x000075859029df10 2506   !   3       java.lang.invoke.LambdaForm::lambdaName (49 bytes)
Event: 1,419 Thread 0x000075859029df10 nmethod 2506 0x00007585814b3890 code [0x00007585814b3a20, 0x00007585814b3b40]
Event: 1,419 Thread 0x000075859029df10 2507       3       java.lang.invoke.InvokerBytecodeGenerator::classFilePrologue (64 bytes)
Event: 1,419 Thread 0x000075859029df10 nmethod 2507 0x00007585814b3c10 code [0x00007585814b3e60, 0x00007585814b45a8]
Event: 1,419 Thread 0x000075859029df10 2508       3       java.lang.invoke.MethodHandles::classData (17 bytes)
Event: 1,420 Thread 0x000075859029df10 nmethod 2508 0x00007585814b4890 code [0x00007585814b4a60, 0x00007585814b4e18]
Event: 1,425 Thread 0x0000758524132ee0 nmethod 2498 0x0000758588be0910 code [0x0000758588be0aa0, 0x0000758588be0fb0]
Event: 1,425 Thread 0x0000758524132ee0 2509       4       java.lang.invoke.LambdaForm::useCount (61 bytes)
Event: 1,428 Thread 0x0000758524132ee0 nmethod 2509 0x0000758588be1210 code [0x0000758588be13a0, 0x0000758588be1660]

GC Heap History (6 events):
Event: 0,311 GC heap before
{Heap before GC invocations=0 (full 0):
 garbage-first heap   total 247808K, used 26624K [0x0000000080000000, 0x0000000100000000)
  region size 1024K, 23 young (23552K), 0 survivors (0K)
 Metaspace       used 8817K, committed 8960K, reserved 491520K
  class space    used 815K, committed 896K, reserved 425984K
}
Event: 0,313 GC heap after
{Heap after GC invocations=1 (full 0):
 garbage-first heap   total 247808K, used 10059K [0x0000000080000000, 0x0000000100000000)
  region size 1024K, 3 young (3072K), 3 survivors (3072K)
 Metaspace       used 8817K, committed 8960K, reserved 491520K
  class space    used 815K, committed 896K, reserved 425984K
}
Event: 0,596 GC heap before
{Heap before GC invocations=1 (full 0):
 garbage-first heap   total 247808K, used 41803K [0x0000000080000000, 0x0000000100000000)
  region size 1024K, 34 young (34816K), 3 survivors (3072K)
 Metaspace       used 12164K, committed 12416K, reserved 491520K
  class space    used 1287K, committed 1408K, reserved 425984K
}
Event: 0,599 GC heap after
{Heap after GC invocations=2 (full 0):
 garbage-first heap   total 247808K, used 11859K [0x0000000080000000, 0x0000000100000000)
  region size 1024K, 2 young (2048K), 2 survivors (2048K)
 Metaspace       used 12164K, committed 12416K, reserved 491520K
  class space    used 1287K, committed 1408K, reserved 425984K
}
Event: 1,148 GC heap before
{Heap before GC invocations=2 (full 0):
 garbage-first heap   total 247808K, used 57939K [0x0000000080000000, 0x0000000100000000)
  region size 1024K, 46 young (47104K), 2 survivors (2048K)
 Metaspace       used 21185K, committed 21504K, reserved 491520K
  class space    used 2460K, committed 2624K, reserved 425984K
}
Event: 1,154 GC heap after
{Heap after GC invocations=3 (full 0):
 garbage-first heap   total 247808K, used 20329K [0x0000000080000000, 0x0000000100000000)
  region size 1024K, 9 young (9216K), 9 survivors (9216K)
 Metaspace       used 21185K, committed 21504K, reserved 491520K
  class space    used 2460K, committed 2624K, reserved 425984K
}

Dll operation events (13 events):
Event: 0,002 Loaded shared library /home/miroslav/Stažené/android-studio/jbr/lib/libjava.so
Event: 0,008 Loaded shared library /home/miroslav/Stažené/android-studio/jbr/lib/libzip.so
Event: 0,105 Loaded shared library /home/miroslav/Stažené/android-studio/jbr/lib/libinstrument.so
Event: 0,109 Loaded shared library /home/miroslav/Stažené/android-studio/jbr/lib/libnio.so
Event: 0,115 Loaded shared library /home/miroslav/Stažené/android-studio/jbr/lib/libzip.so
Event: 0,203 Loaded shared library /home/miroslav/Stažené/android-studio/jbr/lib/libjimage.so
Event: 0,268 Loaded shared library /home/miroslav/Stažené/android-studio/jbr/lib/libverify.so
Event: 0,364 Loaded shared library /home/miroslav/Stažené/android-studio/jbr/lib/libnet.so
Event: 0,366 Loaded shared library /home/miroslav/.gradle/native/c067742578af261105cb4f569cf0c3c89f3d7b1fecec35dd04571415982c5e48/linux-amd64/libnative-platform.so
Event: 0,370 Loaded shared library /home/miroslav/.gradle/native/100fb08df4bc3b14c8652ba06237920a3bd2aa13389f12d3474272988ae205f9/linux-amd64/libnative-platform-file-events.so
Event: 0,854 Loaded shared library /home/miroslav/Stažené/android-studio/jbr/lib/libmanagement.so
Event: 0,856 Loaded shared library /home/miroslav/Stažené/android-studio/jbr/lib/libmanagement_ext.so
Event: 0,979 Loaded shared library /home/miroslav/Stažené/android-studio/jbr/lib/libextnet.so

Deoptimization events (20 events):
Event: 1,376 Thread 0x00007584dc0093e0 Uncommon trap: trap_request=0xffffffc6 fr.pc=0x0000758588b583bc relative=0x0000000000000dbc
Event: 1,376 Thread 0x00007584dc0093e0 Uncommon trap: reason=bimorphic_or_optimized_type_check action=maybe_recompile pc=0x0000758588b583bc method=java.util.Properties$LineReader.readLine()I @ 479 c2
Event: 1,376 Thread 0x00007584dc0093e0 DEOPT PACKING pc=0x0000758588b583bc sp=0x000075856bffb130
Event: 1,376 Thread 0x00007584dc0093e0 DEOPT UNPACKING pc=0x000075858858af99 sp=0x000075856bffb0d0 mode 2
Event: 1,421 Thread 0x00007584dc0093e0 Uncommon trap: trap_request=0xffffff45 fr.pc=0x0000758588aebbfc relative=0x000000000000069c
Event: 1,421 Thread 0x00007584dc0093e0 Uncommon trap: reason=unstable_if action=reinterpret pc=0x0000758588aebbfc method=java.io.UnixFileSystem.resolve(Ljava/lang/String;Ljava/lang/String;)Ljava/lang/String; @ 4 c2
Event: 1,421 Thread 0x00007584dc0093e0 DEOPT PACKING pc=0x0000758588aebbfc sp=0x000075856bffac50
Event: 1,421 Thread 0x00007584dc0093e0 DEOPT UNPACKING pc=0x000075858858af99 sp=0x000075856bffac08 mode 2
Event: 1,421 Thread 0x00007584dc0093e0 Uncommon trap: trap_request=0xffffffc6 fr.pc=0x0000758588b4d034 relative=0x0000000000000094
Event: 1,421 Thread 0x00007584dc0093e0 Uncommon trap: reason=bimorphic_or_optimized_type_check action=maybe_recompile pc=0x0000758588b4d034 method=java.util.AbstractList$Itr.hasNext()Z @ 8 c2
Event: 1,421 Thread 0x00007584dc0093e0 DEOPT PACKING pc=0x0000758588b4d034 sp=0x000075856bffa570
Event: 1,421 Thread 0x00007584dc0093e0 DEOPT UNPACKING pc=0x000075858858af99 sp=0x000075856bffa528 mode 2
Event: 1,421 Thread 0x00007584dc0093e0 Uncommon trap: trap_request=0xffffffc6 fr.pc=0x0000758588b36e1c relative=0x000000000000017c
Event: 1,421 Thread 0x00007584dc0093e0 Uncommon trap: reason=bimorphic_or_optimized_type_check action=maybe_recompile pc=0x0000758588b36e1c method=java.util.AbstractList$Itr.next()Ljava/lang/Object; @ 14 c2
Event: 1,421 Thread 0x00007584dc0093e0 DEOPT PACKING pc=0x0000758588b36e1c sp=0x000075856bffa560
Event: 1,421 Thread 0x00007584dc0093e0 DEOPT UNPACKING pc=0x000075858858af99 sp=0x000075856bffa518 mode 2
Event: 1,422 Thread 0x00007584dc0093e0 Uncommon trap: trap_request=0xffffff45 fr.pc=0x0000758588b473b8 relative=0x0000000000000658
Event: 1,422 Thread 0x00007584dc0093e0 Uncommon trap: reason=unstable_if action=reinterpret pc=0x0000758588b473b8 method=java.io.File.getName()Ljava/lang/String; @ 16 c2
Event: 1,422 Thread 0x00007584dc0093e0 DEOPT PACKING pc=0x0000758588b473b8 sp=0x000075856bffabc0
Event: 1,422 Thread 0x00007584dc0093e0 DEOPT UNPACKING pc=0x000075858858af99 sp=0x000075856bffab90 mode 2

Classes loaded (20 events):
Event: 1,400 Loading class sun/security/provider/SHA2$SHA256
Event: 1,400 Loading class sun/security/provider/SHA2
Event: 1,400 Loading class sun/security/provider/SHA2 done
Event: 1,400 Loading class sun/security/provider/SHA2$SHA256 done
Event: 1,400 Loading class sun/security/provider/SHA5$SHA512
Event: 1,400 Loading class sun/security/provider/SHA5
Event: 1,400 Loading class sun/security/provider/SHA5 done
Event: 1,400 Loading class sun/security/provider/SHA5$SHA512 done
Event: 1,401 Loading class sun/nio/cs/StandardCharsets$Aliases
Event: 1,401 Loading class sun/util/PreHashedMap
Event: 1,401 Loading class sun/util/PreHashedMap done
Event: 1,401 Loading class sun/nio/cs/StandardCharsets$Aliases done
Event: 1,402 Loading class sun/nio/cs/StandardCharsets$Cache
Event: 1,402 Loading class sun/nio/cs/StandardCharsets$Cache done
Event: 1,402 Loading class sun/security/provider/ByteArrayAccess$LE
Event: 1,402 Loading class sun/security/provider/ByteArrayAccess$LE done
Event: 1,421 Loading class java/io/File$TempDirectory
Event: 1,421 Loading class java/io/File$TempDirectory done
Event: 1,423 Loading class java/io/PrintWriter
Event: 1,424 Loading class java/io/PrintWriter done

Classes unloaded (0 events):
No events

Classes redefined (0 events):
No events

Internal exceptions (20 events):
Event: 1,073 Thread 0x00007584dc001530 Exception <a 'java/lang/NoSuchMethodError'{0x000000008caecf08}: 'long java.lang.invoke.Invokers$Holder.invokeExact_MT(java.lang.Object, java.lang.Object)'> (0x000000008caecf08) 
thrown [src/hotspot/share/interpreter/linkResolver.cpp, line 784]
Event: 1,077 Thread 0x00007584dc001530 Exception <a 'java/lang/NoSuchMethodError'{0x000000008c90ffc8}: 'void java.lang.invoke.DirectMethodHandle$Holder.invokeSpecial(java.lang.Object, java.lang.Object, java.lang.Object)'> (0x000000008c90ffc8) 
thrown [src/hotspot/share/interpreter/linkResolver.cpp, line 784]
Event: 1,081 Thread 0x00007584dc001530 Exception <a 'java/lang/NoSuchMethodError'{0x000000008c93e158}: static Lorg/gradle/tooling/internal/provider/serialization/ClassLoaderDetails;.<clinit>()V> (0x000000008c93e158) 
thrown [src/hotspot/share/prims/jni.cpp, line 1135]
Event: 1,083 Thread 0x00007584dc001530 Exception <a 'java/lang/NoSuchMethodError'{0x000000008c9585b0}: static Lorg/gradle/internal/classloader/ClassLoaderSpec;.<clinit>()V> (0x000000008c9585b0) 
thrown [src/hotspot/share/prims/jni.cpp, line 1135]
Event: 1,083 Thread 0x00007584dc001530 Exception <a 'java/lang/NoSuchMethodError'{0x000000008c962098}: static Lorg/gradle/tooling/internal/provider/serialization/WellKnownClassLoaderRegistry$KnownClassLoaderSpec;.<clinit>()V> (0x000000008c962098) 
thrown [src/hotspot/share/prims/jni.cpp, line 1135]
Event: 1,085 Thread 0x00007584dc001530 Exception <a 'java/lang/NoSuchMethodError'{0x000000008c9787f0}: static Lorg/gradle/tooling/internal/provider/serialization/ClientOwnedClassLoaderSpec;.<clinit>()V> (0x000000008c9787f0) 
thrown [src/hotspot/share/prims/jni.cpp, line 1135]
Event: 1,136 Thread 0x00007584dc0093e0 Exception <a 'java/lang/NoSuchMethodError'{0x000000008c550680}: 'long java.lang.invoke.DirectMethodHandle$Holder.invokeInterface(java.lang.Object, java.lang.Object)'> (0x000000008c550680) 
thrown [src/hotspot/share/interpreter/linkResolver.cpp, line 784]
Event: 1,198 Thread 0x00007584dc0093e0 Exception <a 'java/lang/NoSuchMethodError'{0x0000000083537728}: 'void java.lang.invoke.DirectMethodHandle$Holder.invokeStatic(java.lang.Object, java.lang.Object)'> (0x0000000083537728) 
thrown [src/hotspot/share/interpreter/linkResolver.cpp, line 784]
Event: 1,201 Thread 0x00007584dc0093e0 Exception <a 'java/lang/NoSuchMethodError'{0x00000000835798f8}: 'java.lang.Object java.lang.invoke.DirectMethodHandle$Holder.invokeVirtual(java.lang.Object, java.lang.Object, java.lang.Object, java.lang.Object, java.lang.Object, java.lang.Object, java.lang.Object, java.lang.Object, java.lang.Object, java.lang.Object, java.lang.Object, java.lang.Object)'> (0x00000000835798f8) 
thrown [src/hotspot/share/interpreter/linkResolver.cpp, line 784]
Event: 1,201 Thread 0x00007584dc0093e0 Exception <a 'java/lang/NoSuchMethodError'{0x000000008357eec0}: 'java.lang.Object java.lang.invoke.DirectMethodHandle$Holder.invokeSpecial(java.lang.Object, java.lang.Object, java.lang.Object, java.lang.Object, java.lang.Object, java.lang.Object, java.lang.Object, java.lang.Object, java.lang.Object, java.lang.Object, java.lang.Object, java.lang.Object, java.lang.Object)'> (0x000000008357eec0) 
thrown [src/hotspot/share/interpreter/linkResolver.cpp, line 784]
Event: 1,224 Thread 0x00007584dc0093e0 Exception <a 'java/lang/NoSuchMethodError'{0x000000008336e2b0}: 'int java.lang.invoke.DirectMethodHandle$Holder.invokeVirtual(java.lang.Object, java.lang.Object, java.lang.Object)'> (0x000000008336e2b0) 
thrown [src/hotspot/share/interpreter/linkResolver.cpp, line 784]
Event: 1,246 Thread 0x00007584dc0093e0 Exception <a 'java/lang/NoSuchMethodError'{0x00000000831ca558}: 'java.lang.Object java.lang.invoke.DirectMethodHandle$Holder.newInvokeSpecial(java.lang.Object, java.lang.Object, java.lang.Object, java.lang.Object, java.lang.Object, java.lang.Object)'> (0x00000000831ca558) 
thrown [src/hotspot/share/interpreter/linkResolver.cpp, line 784]
Event: 1,249 Thread 0x00007584dc0093e0 Exception <a 'java/lang/NoSuchMethodError'{0x00000000831ec040}: 'void java.lang.invoke.DirectMethodHandle$Holder.invokeStaticInit(java.lang.Object, java.lang.Object)'> (0x00000000831ec040) 
thrown [src/hotspot/share/interpreter/linkResolver.cpp, line 784]
Event: 1,283 Thread 0x00007584dc0093e0 Exception <a 'java/lang/NoSuchMethodError'{0x0000000082e7a7c8}: 'void java.lang.invoke.DelegatingMethodHandle$Holder.reinvoke_L(java.lang.Object, java.lang.Object, java.lang.Object, java.lang.Object, java.lang.Object, java.lang.Object, java.lang.Object, java.lang.Object, java.lang.Object, java.lang.Object)'> (0x0000000082e7a7c8) 
thrown [src/hotspot/share/interpreter/linkResolver.cpp, line 784]
Event: 1,284 Thread 0x00007584dc0093e0 Exception <a 'java/lang/NoSuchMethodError'{0x0000000082e82550}: 'java.lang.Object java.lang.invoke.Invokers$Holder.invoker(java.lang.Object, java.lang.Object, java.lang.Object, java.lang.Object, java.lang.Object, java.lang.Object, java.lang.Object, java.lang.Object, java.lang.Object, java.lang.Object)'> (0x0000000082e82550) 
thrown [src/hotspot/share/interpreter/linkResolver.cpp, line 784]
Event: 1,337 Thread 0x00007584dc0093e0 Exception <a 'java/lang/NoSuchMethodError'{0x0000000082a6a258}: 'void java.lang.invoke.DirectMethodHandle$Holder.invokeVirtual(java.lang.Object, java.lang.Object, java.lang.Object, java.lang.Object, java.lang.Object)'> (0x0000000082a6a258) 
thrown [src/hotspot/share/interpreter/linkResolver.cpp, line 784]
Event: 1,355 Thread 0x00007584dc0093e0 Exception <a 'java/lang/NoSuchMethodError'{0x000000008280e460}: 'void java.lang.invoke.DirectMethodHandle$Holder.invokeInterface(java.lang.Object, java.lang.Object)'> (0x000000008280e460) 
thrown [src/hotspot/share/interpreter/linkResolver.cpp, line 784]
Event: 1,356 Thread 0x00007584dc0093e0 Exception <a 'java/lang/IncompatibleClassChangeError'{0x00000000828119e0}: Found class java.lang.Object, but interface was expected> (0x00000000828119e0) 
thrown [src/hotspot/share/interpreter/linkResolver.cpp, line 851]
Event: 1,368 Thread 0x00007584dc0093e0 Exception <a 'java/lang/NoSuchMethodError'{0x0000000082732b60}: 'java.lang.Object java.lang.invoke.DirectMethodHandle$Holder.newInvokeSpecial(java.lang.Object, java.lang.Object, int)'> (0x0000000082732b60) 
thrown [src/hotspot/share/interpreter/linkResolver.cpp, line 784]
Event: 1,377 Thread 0x00007584dc0093e0 Exception <a 'java/lang/NoSuchMethodError'{0x0000000082688df0}: 'java.lang.Object java.lang.invoke.DirectMethodHandle$Holder.invokeVirtual(java.lang.Object, java.lang.Object, java.lang.Object, java.lang.Object, java.lang.Object, java.lang.Object, java.lang.Object, java.lang.Object)'> (0x0000000082688df0) 
thrown [src/hotspot/share/interpreter/linkResolver.cpp, line 784]

ZGC Phase Switch (0 events):
No events

VM Operations (20 events):
Event: 0,879 Executing VM operation: HandshakeAllThreads (Deoptimize)
Event: 0,879 Executing VM operation: HandshakeAllThreads (Deoptimize) done
Event: 0,882 Executing VM operation: HandshakeAllThreads (Deoptimize)
Event: 0,882 Executing VM operation: HandshakeAllThreads (Deoptimize) done
Event: 0,882 Executing VM operation: HandshakeAllThreads (Deoptimize)
Event: 0,882 Executing VM operation: HandshakeAllThreads (Deoptimize) done
Event: 0,908 Executing VM operation: HandshakeAllThreads (Deoptimize)
Event: 0,908 Executing VM operation: HandshakeAllThreads (Deoptimize) done
Event: 0,945 Executing VM operation: HandshakeAllThreads (Deoptimize)
Event: 0,945 Executing VM operation: HandshakeAllThreads (Deoptimize) done
Event: 0,968 Executing VM operation: ICBufferFull
Event: 0,968 Executing VM operation: ICBufferFull done
Event: 1,148 Executing VM operation: CollectForMetadataAllocation (Metadata GC Threshold)
Event: 1,154 Executing VM operation: CollectForMetadataAllocation (Metadata GC Threshold) done
Event: 1,157 Executing VM operation: G1PauseRemark
Event: 1,158 Executing VM operation: G1PauseRemark done
Event: 1,159 Executing VM operation: G1PauseCleanup
Event: 1,159 Executing VM operation: G1PauseCleanup done
Event: 1,366 Executing VM operation: HandshakeAllThreads (Deoptimize)
Event: 1,366 Executing VM operation: HandshakeAllThreads (Deoptimize) done

Memory protections (20 events):
Event: 0,043 Protecting memory [0x000075857c5d6000,0x000075857c5da000] with protection modes 0
Event: 0,043 Protecting memory [0x000075857c4d6000,0x000075857c4da000] with protection modes 0
Event: 0,043 Protecting memory [0x000075857c3d6000,0x000075857c3da000] with protection modes 0
Event: 0,082 Protecting memory [0x000075857c2d6000,0x000075857c2da000] with protection modes 0
Event: 0,126 Protecting memory [0x000075857c1d6000,0x000075857c1da000] with protection modes 0
Event: 0,157 Protecting memory [0x000075857c0d6000,0x000075857c0da000] with protection modes 0
Event: 0,163 Protecting memory [0x0000758574d00000,0x0000758574d04000] with protection modes 0
Event: 0,882 Protecting memory [0x00007585747fc000,0x0000758574800000] with protection modes 0
Event: 0,990 Protecting memory [0x00007585746fc000,0x0000758574700000] with protection modes 0
Event: 1,048 Protecting memory [0x0000758574300000,0x0000758574304000] with protection modes 0
Event: 1,048 Protecting memory [0x0000758574200000,0x0000758574204000] with protection modes 0
Event: 1,050 Protecting memory [0x0000758574100000,0x0000758574104000] with protection modes 0
Event: 1,093 Protecting memory [0x0000758574000000,0x0000758574004000] with protection modes 0
Event: 1,098 Protecting memory [0x000075856bf00000,0x000075856bf04000] with protection modes 0
Event: 1,105 Protecting memory [0x000075856be00000,0x000075856be04000] with protection modes 0
Event: 1,108 Protecting memory [0x000075856bd00000,0x000075856bd04000] with protection modes 0
Event: 1,110 Protecting memory [0x000075856b900000,0x000075856b904000] with protection modes 0
Event: 1,367 Protecting memory [0x000075856adf9000,0x000075856adfd000] with protection modes 0
Event: 1,372 Protecting memory [0x000075856acf9000,0x000075856acfd000] with protection modes 0
Event: 1,394 Protecting memory [0x000075856abf9000,0x000075856abfd000] with protection modes 0

Nmethod flushes (0 events):
No events

Events (20 events):
Event: 0,043 Thread 0x000075859002deb0 Thread added: 0x000075859029afd0
Event: 0,043 Thread 0x000075859002deb0 Thread added: 0x000075859029c8a0
Event: 0,043 Thread 0x000075859002deb0 Thread added: 0x000075859029df10
Event: 0,082 Thread 0x000075859002deb0 Thread added: 0x0000758590302880
Event: 0,126 Thread 0x000075859002deb0 Thread added: 0x00007585903c04e0
Event: 0,157 Thread 0x000075859029df10 Thread added: 0x0000758524118b80
Event: 0,163 Thread 0x000075859029df10 Thread added: 0x0000758524132ee0
Event: 0,882 Thread 0x000075859002deb0 Thread added: 0x00007585915b5490
Event: 0,990 Thread 0x000075859002deb0 Thread added: 0x00007585915f14f0
Event: 1,048 Thread 0x000075859002deb0 Thread added: 0x0000758591668220
Event: 1,048 Thread 0x00007585915f14f0 Thread added: 0x00007584e8015d70
Event: 1,050 Thread 0x00007584e8015d70 Thread added: 0x00007584dc001530
Event: 1,093 Thread 0x00007584e8015d70 Thread added: 0x00007584dc007a90
Event: 1,098 Thread 0x00007584e8015d70 Thread added: 0x00007584dc0093e0
Event: 1,105 Thread 0x00007584dc0093e0 Thread added: 0x00007584cc008f60
Event: 1,108 Thread 0x00007584dc0093e0 Thread added: 0x00007584cc00c480
Event: 1,110 Thread 0x00007584dc0093e0 Thread added: 0x00007584cc00e8d0
Event: 1,367 Thread 0x00007584dc0093e0 Thread added: 0x00007584cc207e60
Event: 1,372 Thread 0x00007584dc0093e0 Thread added: 0x00007584cc212670
Event: 1,394 Thread 0x00007584dc0093e0 Thread added: 0x00007584cc222a90


Dynamic libraries:
80000000-83900000 rw-p 00000000 00:00 0 
83900000-8bb00000 ---p 00000000 00:00 0 
8bb00000-8c400000 rw-p 00000000 00:00 0 
8c400000-8f100000 ---p 00000000 00:00 0 
8f100000-8f200000 rw-p 00000000 00:00 0 
8f200000-100000000 ---p 00000000 00:00 0 
100000000-100010000 rw-p 00000000 00:00 0 
100010000-100030000 rw-p 00000000 00:00 0 
100030000-1000b0000 rw-p 00000000 00:00 0 
1000b0000-100130000 rw-p 00000000 00:00 0 
100130000-1001d0000 rw-p 00000000 00:00 0 
1001d0000-100230000 rw-p 00000000 00:00 0 
100230000-100270000 rw-p 00000000 00:00 0 
100270000-100350000 rw-p 00000000 00:00 0 
100350000-11a000000 ---p 00000000 00:00 0 
63a8ece23000-63a8ece24000 r--p 00000000 fc:01 21502040                   /home/miroslav/Stažené/android-studio/jbr/bin/java
63a8ece24000-63a8ece25000 r-xp 00000000 fc:01 21502040                   /home/miroslav/Stažené/android-studio/jbr/bin/java
63a8ece25000-63a8ece27000 r--p 00000000 fc:01 21502040                   /home/miroslav/Stažené/android-studio/jbr/bin/java
63a8ece27000-63a8ece28000 rw-p 00001000 fc:01 21502040                   /home/miroslav/Stažené/android-studio/jbr/bin/java
63a8ed219000-63a8ed25f000 rw-p 00000000 00:00 0                          [heap]
75847c000000-75847c021000 rw-p 00000000 00:00 0 
75847c021000-758480000000 ---p 00000000 00:00 0 
758484000000-758484021000 rw-p 00000000 00:00 0 
758484021000-758488000000 ---p 00000000 00:00 0 
758488000000-758488021000 rw-p 00000000 00:00 0 
758488021000-75848c000000 ---p 00000000 00:00 0 
758490000000-758490021000 rw-p 00000000 00:00 0 
758490021000-758494000000 ---p 00000000 00:00 0 
758494000000-758494021000 rw-p 00000000 00:00 0 
758494021000-758498000000 ---p 00000000 00:00 0 
75849c000000-75849c021000 rw-p 00000000 00:00 0 
75849c021000-7584a0000000 ---p 00000000 00:00 0 
7584a0000000-7584a0021000 rw-p 00000000 00:00 0 
7584a0021000-7584a4000000 ---p 00000000 00:00 0 
7584a8000000-7584a8021000 rw-p 00000000 00:00 0 
7584a8021000-7584ac000000 ---p 00000000 00:00 0 
7584ac000000-7584ac021000 rw-p 00000000 00:00 0 
7584ac021000-7584b0000000 ---p 00000000 00:00 0 
7584b4000000-7584b4021000 rw-p 00000000 00:00 0 
7584b4021000-7584b8000000 ---p 00000000 00:00 0 
7584b8000000-7584b8021000 rw-p 00000000 00:00 0 
7584b8021000-7584bc000000 ---p 00000000 00:00 0 
7584c0000000-7584c0021000 rw-p 00000000 00:00 0 
7584c0021000-7584c4000000 ---p 00000000 00:00 0 
7584c4000000-7584c4021000 rw-p 00000000 00:00 0 
7584c4021000-7584c8000000 ---p 00000000 00:00 0 
7584cc000000-7584cc3f3000 rw-p 00000000 00:00 0 
7584cc3f3000-7584d0000000 ---p 00000000 00:00 0 
7584d0000000-7584d0021000 rw-p 00000000 00:00 0 
7584d0021000-7584d4000000 ---p 00000000 00:00 0 
7584d8000000-7584d8042000 rw-p 00000000 00:00 0 
7584d8042000-7584dc000000 ---p 00000000 00:00 0 
7584dc000000-7584dc021000 rw-p 00000000 00:00 0 
7584dc021000-7584e0000000 ---p 00000000 00:00 0 
7584e4000000-7584e4021000 rw-p 00000000 00:00 0 
7584e4021000-7584e8000000 ---p 00000000 00:00 0 
7584e8000000-7584e8053000 rw-p 00000000 00:00 0 
7584e8053000-7584ec000000 ---p 00000000 00:00 0 
7584f0000000-7584f0021000 rw-p 00000000 00:00 0 
7584f0021000-7584f4000000 ---p 00000000 00:00 0 
7584f4000000-7584f4021000 rw-p 00000000 00:00 0 
7584f4021000-7584f8000000 ---p 00000000 00:00 0 
7584fc000000-7584fc021000 rw-p 00000000 00:00 0 
7584fc021000-758500000000 ---p 00000000 00:00 0 
758500000000-758500021000 rw-p 00000000 00:00 0 
758500021000-758504000000 ---p 00000000 00:00 0 
758508000000-758508021000 rw-p 00000000 00:00 0 
758508021000-75850c000000 ---p 00000000 00:00 0 
75850c000000-75850c5aa000 rw-p 00000000 00:00 0 
75850c5aa000-758510000000 ---p 00000000 00:00 0 
758514000000-75851457b000 rw-p 00000000 00:00 0 
75851457b000-758518000000 ---p 00000000 00:00 0 
758518000000-758518021000 rw-p 00000000 00:00 0 
758518021000-75851c000000 ---p 00000000 00:00 0 
758520000000-758520021000 rw-p 00000000 00:00 0 
758520021000-758524000000 ---p 00000000 00:00 0 
758524000000-7585243da000 rw-p 00000000 00:00 0 
7585243da000-758528000000 ---p 00000000 00:00 0 
75852c000000-75852c89a000 rw-p 00000000 00:00 0 
75852c89a000-758530000000 ---p 00000000 00:00 0 
758530000000-758530021000 rw-p 00000000 00:00 0 
758530021000-758534000000 ---p 00000000 00:00 0 
758538000000-758538021000 rw-p 00000000 00:00 0 
758538021000-75853c000000 ---p 00000000 00:00 0 
75853c000000-75853c021000 rw-p 00000000 00:00 0 
75853c021000-758540000000 ---p 00000000 00:00 0 
758544000000-758544021000 rw-p 00000000 00:00 0 
758544021000-758548000000 ---p 00000000 00:00 0 
758548000000-758548021000 rw-p 00000000 00:00 0 
758548021000-75854c000000 ---p 00000000 00:00 0 
758550000000-758550021000 rw-p 00000000 00:00 0 
758550021000-758554000000 ---p 00000000 00:00 0 
758554000000-7585544f0000 rw-p 00000000 00:00 0 
7585544f0000-758554510000 rw-p 00000000 00:00 0 
758554510000-758554530000 rw-p 00000000 00:00 0 
758554530000-758554570000 rw-p 00000000 00:00 0 
758554570000-758554670000 rw-p 00000000 00:00 0 
758554670000-7585546f0000 rw-p 00000000 00:00 0 
7585546f0000-7585548f0000 rw-p 00000000 00:00 0 
7585548f0000-7585549f0000 rw-p 00000000 00:00 0 
7585549f0000-758554af0000 rw-p 00000000 00:00 0 
758554af0000-758554bf0000 rw-p 00000000 00:00 0 
758554bf0000-758554cd0000 rw-p 00000000 00:00 0 
758554cd0000-758554cf0000 rw-p 00000000 00:00 0 
758554cf0000-758554eb0000 rw-p 00000000 00:00 0 
758554eb0000-758554ef0000 rw-p 00000000 00:00 0 
758554ef0000-7585550f0000 rw-p 00000000 00:00 0 
7585550f0000-7585552f0000 rw-p 00000000 00:00 0 
7585552f0000-758555380000 rw-p 00000000 00:00 0 
758555380000-758555400000 ---p 00000000 00:00 0 
758555400000-758555700000 rw-p 00000000 00:00 0 
758555700000-758558000000 ---p 00000000 00:00 0 
758558000000-758558021000 rw-p 00000000 00:00 0 
758558021000-75855c000000 ---p 00000000 00:00 0 
758560000000-758560021000 rw-p 00000000 00:00 0 
758560021000-758564000000 ---p 00000000 00:00 0 
758564000000-758564021000 rw-p 00000000 00:00 0 
758564021000-758568000000 ---p 00000000 00:00 0 
75856a800000-75856aa87000 rw-p 00000000 00:00 0 
75856aaa6000-75856abf9000 rw-p 00000000 00:00 0 
75856abf9000-75856abfd000 ---p 00000000 00:00 0 
75856abfd000-75856acf9000 rw-p 00000000 00:00 0 
75856acf9000-75856acfd000 ---p 00000000 00:00 0 
75856acfd000-75856adf9000 rw-p 00000000 00:00 0 
75856adf9000-75856adfd000 ---p 00000000 00:00 0 
75856adfd000-75856aef9000 rw-p 00000000 00:00 0 
75856aef9000-75856aefa000 ---p 00000000 00:00 0 
75856aefa000-75856affa000 rw-p 00000000 00:00 0 
75856affa000-75856affb000 ---p 00000000 00:00 0 
75856affb000-75856b0fb000 rw-p 00000000 00:00 0 
75856b0fb000-75856b0fc000 ---p 00000000 00:00 0 
75856b0fc000-75856b1fc000 rw-p 00000000 00:00 0 
75856b1fc000-75856b1fd000 ---p 00000000 00:00 0 
75856b1fd000-75856b2fd000 rw-p 00000000 00:00 0 
75856b2fd000-75856b2fe000 ---p 00000000 00:00 0 
75856b2fe000-75856b3fe000 rw-p 00000000 00:00 0 
75856b3fe000-75856b3ff000 ---p 00000000 00:00 0 
75856b3ff000-75856b4ff000 rw-p 00000000 00:00 0 
75856b4ff000-75856b500000 ---p 00000000 00:00 0 
75856b500000-75856b600000 rw-p 00000000 00:00 0 
75856b600000-75856b69a000 r--p 00000000 fc:01 25460119                   /usr/lib/x86_64-linux-gnu/libstdc++.so.6.0.30
75856b69a000-75856b7ab000 r-xp 0009a000 fc:01 25460119                   /usr/lib/x86_64-linux-gnu/libstdc++.so.6.0.30
75856b7ab000-75856b81a000 r--p 001ab000 fc:01 25460119                   /usr/lib/x86_64-linux-gnu/libstdc++.so.6.0.30
75856b81a000-75856b81b000 ---p 0021a000 fc:01 25460119                   /usr/lib/x86_64-linux-gnu/libstdc++.so.6.0.30
75856b81b000-75856b826000 r--p 0021a000 fc:01 25460119                   /usr/lib/x86_64-linux-gnu/libstdc++.so.6.0.30
75856b826000-75856b829000 rw-p 00225000 fc:01 25460119                   /usr/lib/x86_64-linux-gnu/libstdc++.so.6.0.30
75856b829000-75856b82c000 rw-p 00000000 00:00 0 
75856b900000-75856b904000 ---p 00000000 00:00 0 
75856b904000-75856ba00000 rw-p 00000000 00:00 0 
75856ba00000-75856ba53000 r-xp 00000000 fc:01 22707522                   /home/miroslav/.gradle/native/100fb08df4bc3b14c8652ba06237920a3bd2aa13389f12d3474272988ae205f9/linux-amd64/libnative-platform-file-events.so
75856ba53000-75856bc52000 ---p 00053000 fc:01 22707522                   /home/miroslav/.gradle/native/100fb08df4bc3b14c8652ba06237920a3bd2aa13389f12d3474272988ae205f9/linux-amd64/libnative-platform-file-events.so
75856bc52000-75856bc53000 r--p 00052000 fc:01 22707522                   /home/miroslav/.gradle/native/100fb08df4bc3b14c8652ba06237920a3bd2aa13389f12d3474272988ae205f9/linux-amd64/libnative-platform-file-events.so
75856bc53000-75856bc55000 rw-p 00053000 fc:01 22707522                   /home/miroslav/.gradle/native/100fb08df4bc3b14c8652ba06237920a3bd2aa13389f12d3474272988ae205f9/linux-amd64/libnative-platform-file-events.so
75856bd00000-75856bd04000 ---p 00000000 00:00 0 
75856bd04000-75856be00000 rw-p 00000000 00:00 0 
75856be00000-75856be04000 ---p 00000000 00:00 0 
75856be04000-75856bf00000 rw-p 00000000 00:00 0 
75856bf00000-75856bf04000 ---p 00000000 00:00 0 
75856bf04000-75856c000000 rw-p 00000000 00:00 0 
75856c000000-75856c021000 rw-p 00000000 00:00 0 
75856c021000-758570000000 ---p 00000000 00:00 0 
758570000000-758570021000 rw-p 00000000 00:00 0 
758570021000-758574000000 ---p 00000000 00:00 0 
758574000000-758574004000 ---p 00000000 00:00 0 
758574004000-758574100000 rw-p 00000000 00:00 0 
758574100000-758574104000 ---p 00000000 00:00 0 
758574104000-758574200000 rw-p 00000000 00:00 0 
758574200000-758574204000 ---p 00000000 00:00 0 
758574204000-758574300000 rw-p 00000000 00:00 0 
758574300000-758574304000 ---p 00000000 00:00 0 
758574304000-758574400000 rw-p 00000000 00:00 0 
758574400000-758574405000 r-xp 00000000 fc:01 21530870                   /home/miroslav/.gradle/native/c067742578af261105cb4f569cf0c3c89f3d7b1fecec35dd04571415982c5e48/linux-amd64/libnative-platform.so
758574405000-758574605000 ---p 00005000 fc:01 21530870                   /home/miroslav/.gradle/native/c067742578af261105cb4f569cf0c3c89f3d7b1fecec35dd04571415982c5e48/linux-amd64/libnative-platform.so
758574605000-758574606000 r--p 00005000 fc:01 21530870                   /home/miroslav/.gradle/native/c067742578af261105cb4f569cf0c3c89f3d7b1fecec35dd04571415982c5e48/linux-amd64/libnative-platform.so
758574606000-758574607000 rw-p 00006000 fc:01 21530870                   /home/miroslav/.gradle/native/c067742578af261105cb4f569cf0c3c89f3d7b1fecec35dd04571415982c5e48/linux-amd64/libnative-platform.so
7585746fc000-758574700000 ---p 00000000 00:00 0 
758574700000-7585747fc000 rw-p 00000000 00:00 0 
7585747fc000-758574800000 ---p 00000000 00:00 0 
758574800000-7585748fc000 rw-p 00000000 00:00 0 
7585748fc000-7585748fd000 ---p 00000000 00:00 0 
7585748fd000-7585749fd000 rw-p 00000000 00:00 0 
7585749fd000-7585749fe000 ---p 00000000 00:00 0 
7585749fe000-758574afe000 rw-p 00000000 00:00 0 
758574afe000-758574aff000 ---p 00000000 00:00 0 
758574aff000-758574bff000 rw-p 00000000 00:00 0 
758574bff000-758574c00000 ---p 00000000 00:00 0 
758574c00000-758574d00000 rw-p 00000000 00:00 0 
758574d00000-758574d04000 ---p 00000000 00:00 0 
758574d04000-758574e00000 rw-p 00000000 00:00 0 
758574e00000-758575f7f000 r--p 00000000 fc:01 25439321                   /usr/lib/locale/locale-archive
758576000000-758578000000 rw-p 00000000 00:00 0 
758578000000-758578021000 rw-p 00000000 00:00 0 
758578021000-75857c000000 ---p 00000000 00:00 0 
75857c0b6000-75857c0b9000 r--p 00000000 fc:01 25459115                   /usr/lib/x86_64-linux-gnu/libgcc_s.so.1
75857c0b9000-75857c0d0000 r-xp 00003000 fc:01 25459115                   /usr/lib/x86_64-linux-gnu/libgcc_s.so.1
75857c0d0000-75857c0d4000 r--p 0001a000 fc:01 25459115                   /usr/lib/x86_64-linux-gnu/libgcc_s.so.1
75857c0d4000-75857c0d5000 r--p 0001d000 fc:01 25459115                   /usr/lib/x86_64-linux-gnu/libgcc_s.so.1
75857c0d5000-75857c0d6000 rw-p 0001e000 fc:01 25459115                   /usr/lib/x86_64-linux-gnu/libgcc_s.so.1
75857c0d6000-75857c0da000 ---p 00000000 00:00 0 
75857c0da000-75857c1d6000 rw-p 00000000 00:00 0 
75857c1d6000-75857c1da000 ---p 00000000 00:00 0 
75857c1da000-75857c2d6000 rw-p 00000000 00:00 0 
75857c2d6000-75857c2da000 ---p 00000000 00:00 0 
75857c2da000-75857c3d6000 rw-p 00000000 00:00 0 
75857c3d6000-75857c3da000 ---p 00000000 00:00 0 
75857c3da000-75857c4d6000 rw-p 00000000 00:00 0 
75857c4d6000-75857c4da000 ---p 00000000 00:00 0 
75857c4da000-75857c5d6000 rw-p 00000000 00:00 0 
75857c5d6000-75857c5da000 ---p 00000000 00:00 0 
75857c5da000-75857c6d6000 rw-p 00000000 00:00 0 
75857c6d6000-75857c6da000 ---p 00000000 00:00 0 
75857c6da000-75857c7d6000 rw-p 00000000 00:00 0 
75857c7d6000-75857c7da000 ---p 00000000 00:00 0 
75857c7da000-75857c8d6000 rw-p 00000000 00:00 0 
75857c8d6000-75857c8da000 ---p 00000000 00:00 0 
75857c8da000-75857c9d6000 rw-p 00000000 00:00 0 
75857c9d6000-75857c9da000 ---p 00000000 00:00 0 
75857c9da000-75857cad6000 rw-p 00000000 00:00 0 
75857cad6000-75857cad7000 ---p 00000000 00:00 0 
75857cad7000-75857cbd7000 rw-p 00000000 00:00 0 
75857cbd7000-75857cbd8000 ---p 00000000 00:00 0 
75857cbd8000-75857ccd8000 rw-p 00000000 00:00 0 
75857cdf2000-75857cdf3000 ---p 00000000 00:00 0 
75857cdf3000-75857cef3000 rw-p 00000000 00:00 0 
75857cef3000-75857cef4000 ---p 00000000 00:00 0 
75857cef4000-75857cff4000 rw-p 00000000 00:00 0 
75857cff4000-75857d9fe000 rw-p 00000000 00:00 0 
75857d9fe000-75857d9ff000 ---p 00000000 00:00 0 
75857d9ff000-75857daff000 rw-p 00000000 00:00 0 
75857daff000-75857db00000 ---p 00000000 00:00 0 
75857db00000-75857dc00000 rw-p 00000000 00:00 0 
75857dc00000-75857dce4000 rw-p 00000000 00:00 0 
75857dce4000-75857deec000 ---p 00000000 00:00 0 
75857deec000-75857df10000 rw-p 00000000 00:00 0 
75857df10000-75857dfc4000 ---p 00000000 00:00 0 
75857dfc4000-75857dfc8000 rw-p 00000000 00:00 0 
75857dfc8000-75857fc00000 ---p 00000000 00:00 0 
75857fc00000-75857fc1d000 rw-p 00000000 00:00 0 
75857fc1d000-75857fc5d000 ---p 00000000 00:00 0 
75857fc5d000-75857fc62000 rw-p 00000000 00:00 0 
75857fc62000-75857fc78000 ---p 00000000 00:00 0 
75857fc78000-75857fc79000 rw-p 00000000 00:00 0 
75857fc79000-758580000000 ---p 00000000 00:00 0 
758580000000-75858001d000 rw-p 00000000 00:00 0 
75858001d000-75858005d000 ---p 00000000 00:00 0 
75858005d000-758580062000 rw-p 00000000 00:00 0 
758580062000-758580078000 ---p 00000000 00:00 0 
758580078000-758580079000 rw-p 00000000 00:00 0 
758580079000-758580400000 ---p 00000000 00:00 0 
758580419000-7585804f5000 rw-p 00000000 00:00 0 
7585804f5000-7585804f6000 ---p 00000000 00:00 0 
7585804f6000-7585805f6000 rw-p 00000000 00:00 0 
7585805f6000-758581000000 rw-p 00000000 00:00 0 
758581000000-7585814c0000 rwxp 00000000 00:00 0 
7585814c0000-758588537000 ---p 00000000 00:00 0 
758588537000-7585887a7000 rwxp 00000000 00:00 0 
7585887a7000-758588ac9000 ---p 00000000 00:00 0 
758588ac9000-758588d39000 rwxp 00000000 00:00 0 
758588d39000-758590000000 ---p 00000000 00:00 0 
758590000000-758591675000 rw-p 00000000 00:00 0 
758591675000-758594000000 ---p 00000000 00:00 0 
75859401b000-758594022000 r--s 00000000 fc:01 25432480                   /usr/lib/x86_64-linux-gnu/gconv/gconv-modules.cache
758594022000-758594025000 r--p 00000000 fc:01 21503005                   /home/miroslav/Stažené/android-studio/jbr/lib/libmanagement_ext.so
758594025000-758594028000 r-xp 00002000 fc:01 21503005                   /home/miroslav/Stažené/android-studio/jbr/lib/libmanagement_ext.so
758594028000-758594029000 r--p 00004000 fc:01 21503005                   /home/miroslav/Stažené/android-studio/jbr/lib/libmanagement_ext.so
758594029000-75859402a000 rw-p 00004000 fc:01 21503005                   /home/miroslav/Stažené/android-studio/jbr/lib/libmanagement_ext.so
75859402a000-75859402f000 rw-p 00000000 00:00 0 
75859402f000-758594115000 ---p 00000000 00:00 0 
758594115000-75859411f000 rw-p 00000000 00:00 0 
75859411f000-758594200000 ---p 00000000 00:00 0 
758594200000-758597352000 r--s 00000000 fc:01 21503015                   /home/miroslav/Stažené/android-studio/jbr/lib/modules
758597354000-75859735a000 r--p 00000000 fc:01 21503070                   /home/miroslav/Stažené/android-studio/jbr/lib/libverify.so
75859735a000-758597362000 r-xp 00005000 fc:01 21503070                   /home/miroslav/Stažené/android-studio/jbr/lib/libverify.so
758597362000-758597364000 r--p 0000c000 fc:01 21503070                   /home/miroslav/Stažené/android-studio/jbr/lib/libverify.so
758597364000-758597365000 rw-p 0000d000 fc:01 21503070                   /home/miroslav/Stažené/android-studio/jbr/lib/libverify.so
758597365000-758597370000 r--p 00000000 fc:01 21503048                   /home/miroslav/Stažené/android-studio/jbr/lib/libnio.so
758597370000-758597379000 r-xp 0000a000 fc:01 21503048                   /home/miroslav/Stažené/android-studio/jbr/lib/libnio.so
758597379000-75859737a000 r--p 00012000 fc:01 21503048                   /home/miroslav/Stažené/android-studio/jbr/lib/libnio.so
75859737a000-75859737b000 rw-p 00012000 fc:01 21503048                   /home/miroslav/Stažené/android-studio/jbr/lib/libnio.so
75859737b000-758597400000 rw-p 00000000 00:00 0 
758597400000-75859794d000 r--p 00000000 fc:01 21503158                   /home/miroslav/Stažené/android-studio/jbr/lib/server/libjvm.so
75859794d000-7585984d3000 r-xp 0054c000 fc:01 21503158                   /home/miroslav/Stažené/android-studio/jbr/lib/server/libjvm.so
7585984d3000-75859859c000 r--p 010d1000 fc:01 21503158                   /home/miroslav/Stažené/android-studio/jbr/lib/server/libjvm.so
75859859c000-7585985bf000 rw-p 01199000 fc:01 21503158                   /home/miroslav/Stažené/android-studio/jbr/lib/server/libjvm.so
7585985bf000-758598637000 rw-p 00000000 00:00 0 
758598639000-75859863b000 r--p 00000000 fc:01 21503057                   /home/miroslav/Stažené/android-studio/jbr/lib/libextnet.so
75859863b000-75859863c000 r-xp 00001000 fc:01 21503057                   /home/miroslav/Stažené/android-studio/jbr/lib/libextnet.so
75859863c000-75859863d000 r--p 00001000 fc:01 21503057                   /home/miroslav/Stažené/android-studio/jbr/lib/libextnet.so
75859863d000-75859863e000 rw-p 00001000 fc:01 21503057                   /home/miroslav/Stažené/android-studio/jbr/lib/libextnet.so
75859863e000-758598642000 r--p 00000000 fc:01 21503036                   /home/miroslav/Stažené/android-studio/jbr/lib/libnet.so
758598642000-75859864a000 r-xp 00003000 fc:01 21503036                   /home/miroslav/Stažené/android-studio/jbr/lib/libnet.so
75859864a000-75859864b000 r--p 0000a000 fc:01 21503036                   /home/miroslav/Stažené/android-studio/jbr/lib/libnet.so
75859864b000-75859864c000 rw-p 0000a000 fc:01 21503036                   /home/miroslav/Stažené/android-studio/jbr/lib/libnet.so
75859864c000-758598655000 r--p 00000000 fc:01 21503161                   /home/miroslav/Stažené/android-studio/jbr/lib/libzip.so
758598655000-75859866a000 r-xp 00008000 fc:01 21503161                   /home/miroslav/Stažené/android-studio/jbr/lib/libzip.so
75859866a000-75859866b000 r--p 0001c000 fc:01 21503161                   /home/miroslav/Stažené/android-studio/jbr/lib/libzip.so
75859866b000-75859866c000 rw-p 0001c000 fc:01 21503161                   /home/miroslav/Stažené/android-studio/jbr/lib/libzip.so
75859866c000-7585986b2000 rw-p 00000000 00:00 0 
7585986b2000-7585986b9000 ---p 00000000 00:00 0 
7585986b9000-7585986cb000 r--p 00000000 fc:01 21503181                   /home/miroslav/Stažené/android-studio/jbr/lib/libjava.so
7585986cb000-7585986d9000 r-xp 00011000 fc:01 21503181                   /home/miroslav/Stažené/android-studio/jbr/lib/libjava.so
7585986d9000-7585986db000 r--p 0001e000 fc:01 21503181                   /home/miroslav/Stažené/android-studio/jbr/lib/libjava.so
7585986db000-7585986dd000 rw-p 0001f000 fc:01 21503181                   /home/miroslav/Stažené/android-studio/jbr/lib/libjava.so
7585986dd000-7585986e8000 r--p 00000000 fc:01 21503042                   /home/miroslav/Stažené/android-studio/jbr/lib/libjimage.so
7585986e8000-7585986fc000 r-xp 0000a000 fc:01 21503042                   /home/miroslav/Stažené/android-studio/jbr/lib/libjimage.so
7585986fc000-7585986fe000 r--p 0001d000 fc:01 21503042                   /home/miroslav/Stažené/android-studio/jbr/lib/libjimage.so
7585986fe000-7585986ff000 rw-p 0001e000 fc:01 21503042                   /home/miroslav/Stažené/android-studio/jbr/lib/libjimage.so
7585986ff000-758598700000 rw-p 00000000 00:00 0 
758598700000-758598704000 ---p 00000000 00:00 0 
758598704000-758598800000 rw-p 00000000 00:00 0 
758598800000-758598828000 r--p 00000000 fc:01 25429623                   /usr/lib/x86_64-linux-gnu/libc.so.6
758598828000-7585989bd000 r-xp 00028000 fc:01 25429623                   /usr/lib/x86_64-linux-gnu/libc.so.6
7585989bd000-758598a15000 r--p 001bd000 fc:01 25429623                   /usr/lib/x86_64-linux-gnu/libc.so.6
758598a15000-758598a16000 ---p 00215000 fc:01 25429623                   /usr/lib/x86_64-linux-gnu/libc.so.6
758598a16000-758598a1a000 r--p 00215000 fc:01 25429623                   /usr/lib/x86_64-linux-gnu/libc.so.6
758598a1a000-758598a1c000 rw-p 00219000 fc:01 25429623                   /usr/lib/x86_64-linux-gnu/libc.so.6
758598a1c000-758598a29000 rw-p 00000000 00:00 0 
758598a2b000-758598a2e000 r--p 00000000 fc:01 21503162                   /home/miroslav/Stažené/android-studio/jbr/lib/libmanagement.so
758598a2e000-758598a30000 r-xp 00002000 fc:01 21503162                   /home/miroslav/Stažené/android-studio/jbr/lib/libmanagement.so
758598a30000-758598a31000 r--p 00003000 fc:01 21503162                   /home/miroslav/Stažené/android-studio/jbr/lib/libmanagement.so
758598a31000-758598a32000 rw-p 00003000 fc:01 21503162                   /home/miroslav/Stažené/android-studio/jbr/lib/libmanagement.so
758598a32000-758598a33000 r--p 00000000 fc:01 25430491                   /usr/lib/x86_64-linux-gnu/librt.so.1
758598a33000-758598a34000 r-xp 00001000 fc:01 25430491                   /usr/lib/x86_64-linux-gnu/librt.so.1
758598a34000-758598a35000 r--p 00002000 fc:01 25430491                   /usr/lib/x86_64-linux-gnu/librt.so.1
758598a35000-758598a36000 r--p 00002000 fc:01 25430491                   /usr/lib/x86_64-linux-gnu/librt.so.1
758598a36000-758598a37000 rw-p 00003000 fc:01 25430491                   /usr/lib/x86_64-linux-gnu/librt.so.1
758598a37000-758598a45000 r--p 00000000 fc:01 25429627                   /usr/lib/x86_64-linux-gnu/libm.so.6
758598a45000-758598ac1000 r-xp 0000e000 fc:01 25429627                   /usr/lib/x86_64-linux-gnu/libm.so.6
758598ac1000-758598b1c000 r--p 0008a000 fc:01 25429627                   /usr/lib/x86_64-linux-gnu/libm.so.6
758598b1c000-758598b1d000 r--p 000e4000 fc:01 25429627                   /usr/lib/x86_64-linux-gnu/libm.so.6
758598b1d000-758598b1e000 rw-p 000e5000 fc:01 25429627                   /usr/lib/x86_64-linux-gnu/libm.so.6
758598b1e000-758598b20000 rw-p 00000000 00:00 0 
758598b20000-758598b21000 r--p 00000000 fc:01 25429625                   /usr/lib/x86_64-linux-gnu/libdl.so.2
758598b21000-758598b22000 r-xp 00001000 fc:01 25429625                   /usr/lib/x86_64-linux-gnu/libdl.so.2
758598b22000-758598b23000 r--p 00002000 fc:01 25429625                   /usr/lib/x86_64-linux-gnu/libdl.so.2
758598b23000-758598b24000 r--p 00002000 fc:01 25429625                   /usr/lib/x86_64-linux-gnu/libdl.so.2
758598b24000-758598b25000 rw-p 00003000 fc:01 25429625                   /usr/lib/x86_64-linux-gnu/libdl.so.2
758598b25000-758598b26000 r--p 00000000 fc:01 25430488                   /usr/lib/x86_64-linux-gnu/libpthread.so.0
758598b26000-758598b27000 r-xp 00001000 fc:01 25430488                   /usr/lib/x86_64-linux-gnu/libpthread.so.0
758598b27000-758598b28000 r--p 00002000 fc:01 25430488                   /usr/lib/x86_64-linux-gnu/libpthread.so.0
758598b28000-758598b29000 r--p 00002000 fc:01 25430488                   /usr/lib/x86_64-linux-gnu/libpthread.so.0
758598b29000-758598b2a000 rw-p 00003000 fc:01 25430488                   /usr/lib/x86_64-linux-gnu/libpthread.so.0
758598b2c000-758598b34000 rw-s 00000000 fc:01 4194343                    /tmp/hsperfdata_miroslav/27786
758598b34000-758598b38000 r--p 00000000 fc:01 21503052                   /home/miroslav/Stažené/android-studio/jbr/lib/libinstrument.so
758598b38000-758598b3f000 r-xp 00003000 fc:01 21503052                   /home/miroslav/Stažené/android-studio/jbr/lib/libinstrument.so
758598b3f000-758598b40000 r--p 00009000 fc:01 21503052                   /home/miroslav/Stažené/android-studio/jbr/lib/libinstrument.so
758598b40000-758598b41000 rw-p 00009000 fc:01 21503052                   /home/miroslav/Stažené/android-studio/jbr/lib/libinstrument.so
758598b41000-758598b42000 ---p 00000000 00:00 0 
758598b42000-758598b43000 r--p 00000000 00:00 0 
758598b43000-758598b4c000 r--p 00000000 fc:01 21503040                   /home/miroslav/Stažené/android-studio/jbr/lib/libjli.so
758598b4c000-758598b5b000 r-xp 00008000 fc:01 21503040                   /home/miroslav/Stažené/android-studio/jbr/lib/libjli.so
758598b5b000-758598b5c000 r--p 00016000 fc:01 21503040                   /home/miroslav/Stažené/android-studio/jbr/lib/libjli.so
758598b5c000-758598b5d000 rw-p 00016000 fc:01 21503040                   /home/miroslav/Stažené/android-studio/jbr/lib/libjli.so
758598b5d000-758598b5f000 rw-p 00000000 00:00 0 
758598b5f000-758598b63000 r--p 00000000 00:00 0                          [vvar]
758598b63000-758598b65000 r-xp 00000000 00:00 0                          [vdso]
758598b65000-758598b67000 r--p 00000000 fc:01 25429620                   /usr/lib/x86_64-linux-gnu/ld-linux-x86-64.so.2
758598b67000-758598b91000 r-xp 00002000 fc:01 25429620                   /usr/lib/x86_64-linux-gnu/ld-linux-x86-64.so.2
758598b91000-758598b9c000 r--p 0002c000 fc:01 25429620                   /usr/lib/x86_64-linux-gnu/ld-linux-x86-64.so.2
758598b9c000-758598b9d000 ---p 00000000 00:00 0 
758598b9d000-758598b9f000 r--p 00037000 fc:01 25429620                   /usr/lib/x86_64-linux-gnu/ld-linux-x86-64.so.2
758598b9f000-758598ba1000 rw-p 00039000 fc:01 25429620                   /usr/lib/x86_64-linux-gnu/ld-linux-x86-64.so.2
7ffdf844f000-7ffdf8471000 rw-p 00000000 00:00 0                          [stack]
ffffffffff600000-ffffffffff601000 --xp 00000000 00:00 0                  [vsyscall]
Total number of mappings: 364


VM Arguments:
jvm_args: -XX:MaxMetaspaceSize=512m -XX:+HeapDumpOnOutOfMemoryError --add-opens=java.base/java.util=ALL-UNNAMED --add-opens=java.base/java.lang=ALL-UNNAMED --add-opens=java.base/java.lang.invoke=ALL-UNNAMED --add-opens=java.prefs/java.util.prefs=ALL-UNNAMED --add-exports=jdk.compiler/com.sun.tools.javac.api=ALL-UNNAMED --add-exports=jdk.compiler/com.sun.tools.javac.util=ALL-UNNAMED --add-opens=java.base/java.nio.charset=ALL-UNNAMED --add-opens=java.base/java.net=ALL-UNNAMED --add-opens=java.base/java.util.concurrent.atomic=ALL-UNNAMED -Xmx2048m -Dfile.encoding=UTF-8 -Duser.country=CZ -Duser.language=cs -Duser.variant -javaagent:/home/miroslav/.gradle/wrapper/dists/gradle-8.10.2-all/7iv73wktx1xtkvlq19urqw1wm/gradle-8.10.2/lib/agents/gradle-instrumentation-agent-8.10.2.jar -Dawt.toolkit.name=XToolkit 
java_command: org.gradle.launcher.daemon.bootstrap.GradleDaemon 8.10.2
java_class_path (initial): /home/miroslav/.gradle/wrapper/dists/gradle-8.10.2-all/7iv73wktx1xtkvlq19urqw1wm/gradle-8.10.2/lib/gradle-daemon-main-8.10.2.jar
Launcher Type: SUN_STANDARD

[Global flags]
     intx CICompilerCount                          = 4                                         {product} {ergonomic}
   size_t CompressedClassSpaceSize                 = 436207616                                 {product} {ergonomic}
     uint ConcGCThreads                            = 3                                         {product} {ergonomic}
     uint G1ConcRefinementThreads                  = 10                                        {product} {ergonomic}
   size_t G1HeapRegionSize                         = 1048576                                   {product} {ergonomic}
    uintx GCDrainStackTargetSize                   = 64                                        {product} {ergonomic}
     bool HeapDumpOnOutOfMemoryError               = true                                   {manageable} {command line}
   size_t InitialHeapSize                          = 253755392                                 {product} {ergonomic}
   size_t MarkStackSize                            = 4194304                                   {product} {ergonomic}
   size_t MaxHeapSize                              = 2147483648                                {product} {command line}
   size_t MaxMetaspaceSize                         = 536870912                                 {product} {command line}
   size_t MaxNewSize                               = 1287651328                                {product} {ergonomic}
   size_t MinHeapDeltaBytes                        = 1048576                                   {product} {ergonomic}
   size_t MinHeapSize                              = 8388608                                   {product} {ergonomic}
    uintx NonNMethodCodeHeapSize                   = 5839372                                {pd product} {ergonomic}
    uintx NonProfiledCodeHeapSize                  = 122909434                              {pd product} {ergonomic}
    uintx ProfiledCodeHeapSize                     = 122909434                              {pd product} {ergonomic}
    uintx ReservedCodeCacheSize                    = 251658240                              {pd product} {ergonomic}
     bool SegmentedCodeCache                       = true                                      {product} {ergonomic}
   size_t SoftMaxHeapSize                          = 2147483648                             {manageable} {ergonomic}
     bool UseCompressedOops                        = true                           {product lp64_product} {ergonomic}
     bool UseG1GC                                  = true                                      {product} {ergonomic}

Logging:
Log output configuration:
 #0: stdout all=warning uptime,level,tags foldmultilines=false
 #1: stderr all=off uptime,level,tags foldmultilines=false

Environment Variables:
PATH=/home/miroslav/.nvm/versions/node/v18.20.4/bin:/usr/local/sbin:/usr/local/bin:/usr/sbin:/usr/bin:/sbin:/bin:/usr/games:/usr/local/games:/snap/bin:/home/miroslav/Coding/flutter/radio_app/flutter/bin
USERNAME=miroslav
SHELL=/bin/bash
DISPLAY=:1
LANG=cs_CZ.UTF-8
LC_NUMERIC=cs_CZ.UTF-8
LC_TIME=cs_CZ.UTF-8
TERM=xterm-256color

Active Locale:
LC_ALL=cs_CZ.UTF-8
LC_COLLATE=cs_CZ.UTF-8
LC_CTYPE=cs_CZ.UTF-8
LC_MESSAGES=cs_CZ.UTF-8
LC_MONETARY=cs_CZ.UTF-8
LC_NUMERIC=cs_CZ.UTF-8
LC_TIME=cs_CZ.UTF-8

Signal Handlers:
   SIGSEGV: crash_handler in libjvm.so, mask=11100100010111111101111111111110, flags=SA_RESTART|SA_SIGINFO, unblocked
    SIGBUS: crash_handler in libjvm.so, mask=11100100010111111101111111111110, flags=SA_RESTART|SA_SIGINFO, unblocked
    SIGFPE: crash_handler in libjvm.so, mask=11100100010111111101111111111110, flags=SA_RESTART|SA_SIGINFO, unblocked
   SIGPIPE: javaSignalHandler in libjvm.so, mask=11100100010111111101111111111110, flags=SA_RESTART|SA_SIGINFO, blocked
   SIGXFSZ: javaSignalHandler in libjvm.so, mask=11100100010111111101111111111110, flags=SA_RESTART|SA_SIGINFO, blocked
    SIGILL: crash_handler in libjvm.so, mask=11100100010111111101111111111110, flags=SA_RESTART|SA_SIGINFO, unblocked
   SIGUSR2: SR_handler in libjvm.so, mask=00000000000000000000000000000000, flags=SA_RESTART|SA_SIGINFO, blocked
    SIGHUP: UserHandler in libjvm.so, mask=11100100010111111101111111111110, flags=SA_RESTART|SA_SIGINFO, blocked
    SIGINT: UserHandler in libjvm.so, mask=11100100010111111101111111111110, flags=SA_RESTART|SA_SIGINFO, blocked
   SIGTERM: UserHandler in libjvm.so, mask=11100100010111111101111111111110, flags=SA_RESTART|SA_SIGINFO, blocked
   SIGQUIT: UserHandler in libjvm.so, mask=11100100010111111101111111111110, flags=SA_RESTART|SA_SIGINFO, blocked
   SIGTRAP: crash_handler in libjvm.so, mask=11100100010111111101111111111110, flags=SA_RESTART|SA_SIGINFO, unblocked


Periodic native trim disabled

JNI global refs:
JNI global refs: 23, weak refs: 0

JNI global refs memory usage: 859, weak refs: 857

Process memory usage:
Resident Set Size: 158236K (1% of 15757800K total physical memory with 7163204K free physical memory)

OOME stack traces (most recent first):
Classloader memory used:
Loader bootstrap                                                                       : 16008K
Loader org.gradle.internal.classloader.VisitableURLClassLoader                         : 9091K
Loader org.gradle.initialization.MixInLegacyTypesClassLoader                           : 582K
Loader jdk.internal.loader.ClassLoaders$AppClassLoader                                 : 232K
Loader jdk.internal.loader.ClassLoaders$PlatformClassLoader                            : 64720B
Loader jdk.internal.reflect.DelegatingClassLoader                                      : 37840B

Classes loaded by more than one classloader:
Class org.gradle.internal.classloader.FilteringClassLoader                            : loaded 2 times (x 102B)
Class org.gradle.internal.classloader.ClassLoaderHierarchy                            : loaded 2 times (x 67B)
Class org.gradle.api.internal.classpath.ManifestUtil                                  : loaded 2 times (x 68B)
Class org.gradle.internal.classloader.DefaultClassLoaderFactory                       : loaded 2 times (x 79B)
Class org.gradle.internal.classloader.ClassLoaderVisitor                              : loaded 2 times (x 73B)
Class org.gradle.api.internal.classpath.EffectiveClassPath                            : loaded 2 times (x 87B)
Class org.gradle.api.internal.DefaultClassPathProvider                                : loaded 2 times (x 73B)
Class [Lorg.gradle.api.internal.ClassPathProvider;                                    : loaded 2 times (x 66B)
Class org.gradle.api.internal.ClassPathProvider                                       : loaded 2 times (x 67B)
Class org.gradle.internal.service.UnknownServiceException                             : loaded 2 times (x 80B)
Class org.gradle.internal.classpath.TransformedClassPath                              : loaded 2 times (x 93B)
Class org.gradle.internal.classloader.InstrumentingClassLoader                        : loaded 2 times (x 67B)
Class org.gradle.internal.service.ServiceLocator                                      : loaded 2 times (x 67B)
Class org.gradle.internal.InternalTransformer                                         : loaded 2 times (x 67B)
Class org.gradle.internal.classloader.ClasspathUtil$1                                 : loaded 2 times (x 73B)
Class org.gradle.api.internal.classpath.DefaultModuleRegistry$DefaultModule           : loaded 2 times (x 83B)
Class org.gradle.api.internal.classpath.Module                                        : loaded 2 times (x 67B)
Class org.gradle.api.internal.classpath.UnknownModuleException                        : loaded 2 times (x 79B)
Class org.gradle.api.internal.DefaultClassPathRegistry                                : loaded 2 times (x 73B)
Class org.gradle.api.internal.ClassPathRegistry                                       : loaded 2 times (x 67B)
Class org.gradle.internal.classpath.DefaultClassPath$ImmutableUniqueList              : loaded 2 times (x 196B)
Class org.gradle.internal.classpath.ClassPath                                         : loaded 2 times (x 67B)
Class org.gradle.api.UncheckedIOException                                             : loaded 2 times (x 79B)
Class org.gradle.internal.installation.GradleInstallation$1                           : loaded 2 times (x 72B)
Class org.gradle.api.internal.classpath.ModuleRegistry                                : loaded 2 times (x 67B)
Class org.gradle.api.internal.classpath.DefaultModuleRegistry                         : loaded 2 times (x 83B)
Class org.gradle.internal.service.ServiceLookupException                              : loaded 2 times (x 79B)
Class org.gradle.internal.classloader.ClassLoaderFactory                              : loaded 2 times (x 67B)
Class org.gradle.internal.service.CachingServiceLocator                               : loaded 2 times (x 79B)
Class org.gradle.internal.classloader.ClasspathUtil                                   : loaded 2 times (x 68B)
Class org.gradle.api.specs.Spec                                                       : loaded 2 times (x 67B)
Class org.gradle.internal.classloader.VisitableURLClassLoader$InstrumentingVisitableURLClassLoader: loaded 2 times (x 120B)
Class org.gradle.internal.classloader.VisitableURLClassLoader$Spec                    : loaded 2 times (x 71B)
Class org.gradle.internal.classpath.DefaultClassPath                                  : loaded 2 times (x 87B)
Class org.gradle.internal.classloader.ClassLoaderSpec                                 : loaded 2 times (x 68B)
Class org.gradle.internal.classloader.VisitableURLClassLoader                         : loaded 2 times (x 114B)
Class org.gradle.internal.Cast                                                        : loaded 2 times (x 68B)
Class org.gradle.api.Action                                                           : loaded 2 times (x 67B)
Class org.gradle.internal.classpath.DefaultClassPath$ImmutableUniqueList$Builder      : loaded 2 times (x 72B)
Class org.gradle.api.GradleException                                                  : loaded 2 times (x 79B)
Class org.gradle.internal.IoActions                                                   : loaded 2 times (x 68B)
Class org.gradle.internal.classloader.SystemClassLoaderSpec                           : loaded 2 times (x 68B)
Class org.gradle.api.internal.classpath.GlobalCacheRootsProvider                      : loaded 2 times (x 67B)
Class org.gradle.internal.installation.CurrentGradleInstallationLocator               : loaded 2 times (x 68B)
Class org.gradle.internal.service.DefaultServiceLocator                               : loaded 2 times (x 80B)
Class org.gradle.internal.installation.CurrentGradleInstallation                      : loaded 2 times (x 70B)
Class org.gradle.util.internal.GUtil                                                  : loaded 2 times (x 68B)
Class org.gradle.internal.installation.GradleInstallation                             : loaded 2 times (x 72B)

---------------  S Y S T E M  ---------------

OS:
DISTRIB_ID=Pop
DISTRIB_RELEASE=22.04
DISTRIB_CODENAME=jammy
DISTRIB_DESCRIPTION="Pop!_OS 22.04 LTS"
uname: Linux 6.9.3-76060903-generic #202405300957~1738770968~22.04~d5f7c84 SMP PREEMPT_DYNAMIC Wed F x86_64
OS uptime: 0 days 0:30 hours
libc: glibc 2.35 NPTL 2.35 
rlimit (soft/hard): STACK 8192k/infinity , CORE 0k/infinity , NPROC 61210/61210 , NOFILE 1048576/1048576 , AS infinity/infinity , CPU infinity/infinity , DATA infinity/infinity , FSIZE infinity/infinity , MEMLOCK 1969724k/1969724k
load average: 2,83 3,64 4,66

/proc/meminfo:
MemTotal:       15757800 kB
MemFree:         6228396 kB
MemAvailable:    7162952 kB
Buffers:           73168 kB
Cached:          1774196 kB
SwapCached:         3820 kB
Active:          5018160 kB
Inactive:        2287704 kB
Active(anon):    4364176 kB
Inactive(anon):  1121808 kB
Active(file):     653984 kB
Inactive(file):  1165896 kB
Unevictable:          48 kB
Mlocked:              48 kB
SwapTotal:      19951092 kB
SwapFree:       17279988 kB
Zswap:                 0 kB
Zswapped:              0 kB
Dirty:             12924 kB
Writeback:             0 kB
AnonPages:       5457384 kB
Mapped:           371924 kB
Shmem:             27404 kB
KReclaimable:     171276 kB
Slab:             372748 kB
SReclaimable:     171276 kB
SUnreclaim:       201472 kB
KernelStack:       21072 kB
PageTables:        55448 kB
SecPageTables:         0 kB
NFS_Unstable:          0 kB
Bounce:                0 kB
WritebackTmp:          0 kB
CommitLimit:    27829992 kB
Committed_AS:   16991100 kB
VmallocTotal:   34359738367 kB
VmallocUsed:      193128 kB
VmallocChunk:          0 kB
Percpu:            11952 kB
HardwareCorrupted:     0 kB
AnonHugePages:         0 kB
ShmemHugePages:        0 kB
ShmemPmdMapped:        0 kB
FileHugePages:         0 kB
FilePmdMapped:         0 kB
Unaccepted:            0 kB
HugePages_Total:       0
HugePages_Free:        0
HugePages_Rsvd:        0
HugePages_Surp:        0
Hugepagesize:       2048 kB
Hugetlb:               0 kB
DirectMap4k:     1427204 kB
DirectMap2M:    12627968 kB
DirectMap1G:     3145728 kB

/sys/kernel/mm/transparent_hugepage/enabled: always [madvise] never
/sys/kernel/mm/transparent_hugepage/hpage_pmd_size: 2097152
/sys/kernel/mm/transparent_hugepage/defrag (defrag/compaction efforts parameter): always defer defer+madvise [madvise] never

Process Memory:
Virtual Size: 5897144K (peak: 5959864K)
Resident Set Size: 158236K (peak: 158236K) (anon: 129820K, file: 28416K, shmem: 0K)
Swapped out: 0K
C-Heap outstanding allocations: 75451K, retained: 7644K
glibc malloc tunables: (default)

/proc/sys/kernel/threads-max (system-wide limit on the number of threads): 122420
/proc/sys/vm/max_map_count (maximum number of memory map areas a process may have): 2147483642
/proc/sys/vm/swappiness (control to define how aggressively the kernel swaps out anonymous memory): 180
/proc/sys/kernel/pid_max (system-wide limit on number of process identifiers): 4194304

container (cgroup) information:
container_type: cgroupv2
cpu_cpuset_cpus: not supported
cpu_memory_nodes: not supported
active_processor_count: 12
cpu_quota: not supported
cpu_period: not supported
cpu_shares: not supported
memory_limit_in_bytes: unlimited
memory_and_swap_limit_in_bytes: unlimited
memory_soft_limit_in_bytes: unlimited
memory_usage_in_bytes: 3195064 k
memory_max_usage_in_bytes: not supported
memory_swap_current_in_bytes: 755216 k
memory_swap_max_limit_in_bytes: unlimited
maximum number of tasks: 18363
current number of tasks: 164

Steal ticks since vm start: 0
Steal ticks percentage since vm start:  0,000

CPU: total 12 (initial active 12) (12 cores per cpu, 2 threads per core) family 25 model 80 stepping 0 microcode 0xa50000d, cx8, cmov, fxsr, ht, mmx, 3dnowpref, sse, sse2, sse3, ssse3, sse4a, sse4.1, sse4.2, popcnt, lzcnt, tsc, tscinvbit, avx, avx2, aes, erms, clmul, bmi1, bmi2, adx, sha, fma, vzeroupper, clflush, clflushopt, rdtscp, rdpid, fsrm, f16c, pku, ospke, cet_ss
CPU Model and flags from /proc/cpuinfo:
model name	: AMD Ryzen 5 5600H with Radeon Graphics
flags		: fpu vme de pse tsc msr pae mce cx8 apic sep mtrr pge mca cmov pat pse36 clflush mmx fxsr sse sse2 ht syscall nx mmxext fxsr_opt pdpe1gb rdtscp lm constant_tsc rep_good nopl xtopology nonstop_tsc cpuid extd_apicid aperfmperf rapl pni pclmulqdq monitor ssse3 fma cx16 sse4_1 sse4_2 movbe popcnt aes xsave avx f16c rdrand lahf_lm cmp_legacy svm extapic cr8_legacy abm sse4a misalignsse 3dnowprefetch osvw ibs skinit wdt tce topoext perfctr_core perfctr_nb bpext perfctr_llc mwaitx cpb cat_l3 cdp_l3 hw_pstate ssbd mba ibrs ibpb stibp vmmcall fsgsbase bmi1 avx2 smep bmi2 erms invpcid cqm rdt_a rdseed adx smap clflushopt clwb sha_ni xsaveopt xsavec xgetbv1 xsaves cqm_llc cqm_occup_llc cqm_mbm_total cqm_mbm_local user_shstk clzero irperf xsaveerptr rdpru wbnoinvd cppc arat npt lbrv svm_lock nrip_save tsc_scale vmcb_clean flushbyasid decodeassists pausefilter pfthreshold avic v_vmsave_vmload vgif v_spec_ctrl umip pku ospke vaes vpclmulqdq rdpid overflow_recov succor smca fsrm debug_swap

Online cpus: 0-11
Offline cpus: 
BIOS frequency limitation: <Not Available>
Frequency switch latency (ns): 0
Available cpu frequencies: <Not Available>
Current governor: powersave
Core performance/turbo boost: <Not Available>

Memory: 4k page, physical 15757800k(7162952k free), swap 19951092k(17279988k free)
Page Sizes: 4k

vm_info: OpenJDK 64-Bit Server VM (21.0.4+-12422083-b607.1) for linux-amd64 JRE (21.0.4+-12422083-b607.1), built on 2024-09-27T00:27:02Z by "builder" with clang Android (12328485, +pgo, +bolt, +lto, +mlgo, based on r530567) Clang 19.0.0 (https://android.googlesource.com/toolchain/llvm-project 97a699bf4812a18fb657c2779f5296a4ab2694d2)

END.
